This is XeTeX, Version 3.14159265-2.6-0.99999 (MiKTeX 2.9.6630 64-bit) (preloaded format=xelatex 2018.5.17)  11 AUG 2018 23:04
entering extended mode
**./examdoc.tex
(examdoc.tex
LaTeX2e <2017-04-15>
Babel <3.18> and hyphenation patterns for 75 language(s) loaded.
(exam.cls
Document Class: exam 2015/05/07 Version 2.5 by Philip Hirschhorn
("C:\Program Files\MiKTeX 2.9\tex\latex\base\ifthen.sty"
Package: ifthen 2014/09/29 v1.1c Standard LaTeX ifthen package (DPC)
)
("C:\Program Files\MiKTeX 2.9\tex\latex\base\article.cls"
Document Class: article 2014/09/29 v1.4h Standard LaTeX document class
("C:\Program Files\MiKTeX 2.9\tex\latex\base\size12.clo"
File: size12.clo 2014/09/29 v1.4h Standard LaTeX file (size option)
)
\c@part=\count79
\c@section=\count80
\c@subsection=\count81
\c@subsubsection=\count82
\c@paragraph=\count83
\c@subparagraph=\count84
\c@figure=\count85
\c@table=\count86
\abovecaptionskip=\skip41
\belowcaptionskip=\skip42
\bibindent=\dimen102
)
\@extrawidth=\skip43
\@rightmargin=\skip44
\@extrahead=\skip45
\@extrafoot=\skip46
\run@exhd=\skip47
\fp@exhd=\skip48
\run@exft=\skip49
\fp@exft=\skip50
\covrun@exhd=\skip51
\covfp@exhd=\skip52
\covrun@exft=\skip53
\covfp@exft=\skip54
\c@num@coverpages=\count87
\c@latest@ques=\count88
\c@ques@end=\count89
\c@last@object=\count90
\c@incmp@ques=\count91
\c@next@ques=\count92
\c@next@page=\count93
\c@tmp@hlfcntr=\count94
\c@ifpos@cntr=\count95
\c@question=\count96
\c@partno=\count97
\c@subpart=\count98
\c@subsubpart=\count99
\c@choice=\count100
\c@numpoints=\count101
\c@numbonuspoints=\count102
\c@pointsof@thisquestion=\count103
\c@bonuspointsof@thisquestion=\count104
\c@numquestions=\count105
\c@numparts=\count106
\c@numsubparts=\count107
\c@numsubsubparts=\count108
\c@Curr@Page=\count109
\c@@pagepoints=\count110
\c@@pagebonuspoints=\count111
\c@pageof@pagepoints=\count112
\c@pageof@pagebonuspoints=\count113
\c@latest@points=\count114
\c@latest@bonuspoints=\count115
\pageinfo@commands=\toks14
\temp@toks=\toks15
\pagepoint@commands=\toks16
\point@toks=\toks17
\c@ques@object=\count116
\marginpointssep=\skip55
\rightpointsmargin=\skip56
\choice@toks=\toks18
\answerlinelength=\skip57
\answerskip=\skip58
\answerclearance=\skip59
\fillinlinelength=\skip60
\linefillheight=\skip61
\linefillthickness=\skip62
\dottedlinefillheight=\skip63
\gridsize=\skip64
\gridlinewidth=\skip65
\minboxheight=\skip66
\c@@iterator=\count117
\@cellwidth=\skip67
\c@tbl@points=\count118
\c@tbl@bonuspoints=\count119
\c@num@cols=\count120
\exam@box=\box26
\saved@totalleftmargin=\dimen103
\@sollistdepth=\count121
\FrameRule=\dimen104
\FrameSep=\dimen105
)
("C:\Program Files\MiKTeX 2.9\tex\latex\amsfonts\amssymb.sty"
Package: amssymb 2013/01/14 v3.01 AMS font symbols

("C:\Program Files\MiKTeX 2.9\tex\latex\amsfonts\amsfonts.sty"
Package: amsfonts 2013/01/14 v3.01 Basic AMSFonts support
\@emptytoks=\toks19
\symAMSa=\mathgroup4
\symAMSb=\mathgroup5
LaTeX Font Info:    Overwriting math alphabet `\mathfrak' in version `bold'
(Font)                  U/euf/m/n --> U/euf/b/n on input line 106.
))
("C:\Program Files\MiKTeX 2.9\tex\latex\base\makeidx.sty"
Package: makeidx 2014/09/29 v1.0m Standard LaTeX package
)
("C:\Program Files\MiKTeX 2.9\tex\latex\hyperref\hyperref.sty"
Package: hyperref 2018/02/06 v6.86b Hypertext links for LaTeX

("C:\Program Files\MiKTeX 2.9\tex\generic\oberdiek\hobsub-hyperref.sty"
Package: hobsub-hyperref 2016/05/16 v1.14 Bundle oberdiek, subset hyperref (HO)


("C:\Program Files\MiKTeX 2.9\tex\generic\oberdiek\hobsub-generic.sty"
Package: hobsub-generic 2016/05/16 v1.14 Bundle oberdiek, subset generic (HO)
Package: hobsub 2016/05/16 v1.14 Construct package bundles (HO)
Package: infwarerr 2016/05/16 v1.4 Providing info/warning/error messages (HO)
Package: ltxcmds 2016/05/16 v1.23 LaTeX kernel commands for general use (HO)
Package: ifluatex 2016/05/16 v1.4 Provides the ifluatex switch (HO)
Package ifluatex Info: LuaTeX not detected.
Package: ifvtex 2016/05/16 v1.6 Detect VTeX and its facilities (HO)
Package ifvtex Info: VTeX not detected.
Package: intcalc 2016/05/16 v1.2 Expandable calculations with integers (HO)
Package: ifpdf 2017/03/15 v3.2 Provides the ifpdf switch
Package: etexcmds 2016/05/16 v1.6 Avoid name clashes with e-TeX commands (HO)
Package etexcmds Info: Could not find \expanded.
(etexcmds)             That can mean that you are not using pdfTeX 1.50 or
(etexcmds)             that some package has redefined \expanded.
(etexcmds)             In the latter case, load this package earlier.
Package: kvsetkeys 2016/05/16 v1.17 Key value parser (HO)
Package: kvdefinekeys 2016/05/16 v1.4 Define keys (HO)
Package: pdftexcmds 2018/01/21 v0.26 Utility functions of pdfTeX for LuaTeX (HO
)
Package pdftexcmds Info: LuaTeX not detected.
Package pdftexcmds Info: pdfTeX >= 1.30 not detected.
Package pdftexcmds Info: \pdf@primitive is available.
Package pdftexcmds Info: \pdf@ifprimitive is available.
Package pdftexcmds Info: \pdfdraftmode not found.
Package: pdfescape 2016/05/16 v1.14 Implements pdfTeX's escape features (HO)
Package: bigintcalc 2016/05/16 v1.4 Expandable calculations on big integers (HO
)
Package: bitset 2016/05/16 v1.2 Handle bit-vector datatype (HO)
Package: uniquecounter 2016/05/16 v1.3 Provide unlimited unique counter (HO)
)
Package hobsub Info: Skipping package `hobsub' (already loaded).
Package: letltxmacro 2016/05/16 v1.5 Let assignment for LaTeX macros (HO)
Package: hopatch 2016/05/16 v1.3 Wrapper for package hooks (HO)
Package: xcolor-patch 2016/05/16 xcolor patch
Package: atveryend 2016/05/16 v1.9 Hooks at the very end of document (HO)
Package atveryend Info: \enddocument detected (standard20110627).
Package: atbegshi 2016/06/09 v1.18 At begin shipout hook (HO)
Package: refcount 2016/05/16 v3.5 Data extraction from label references (HO)
Package: hycolor 2016/05/16 v1.8 Color options for hyperref/bookmark (HO)
)
("C:\Program Files\MiKTeX 2.9\tex\latex\graphics\keyval.sty"
Package: keyval 2014/10/28 v1.15 key=value parser (DPC)
\KV@toks@=\toks20
)
("C:\Program Files\MiKTeX 2.9\tex\generic\ifxetex\ifxetex.sty"
Package: ifxetex 2010/09/12 v0.6 Provides ifxetex conditional
)
("C:\Program Files\MiKTeX 2.9\tex\latex\oberdiek\auxhook.sty"
Package: auxhook 2016/05/16 v1.4 Hooks for auxiliary files (HO)
)
("C:\Program Files\MiKTeX 2.9\tex\latex\oberdiek\kvoptions.sty"
Package: kvoptions 2016/05/16 v3.12 Key value format for package options (HO)
)
\@linkdim=\dimen106
\Hy@linkcounter=\count122
\Hy@pagecounter=\count123

("C:\Program Files\MiKTeX 2.9\tex\latex\hyperref\pd1enc.def"
File: pd1enc.def 2018/02/06 v6.86b Hyperref: PDFDocEncoding definition (HO)
)
\Hy@SavedSpaceFactor=\count124

("C:\Program Files\MiKTeX 2.9\tex\latex\00miktex\hyperref.cfg"
File: hyperref.cfg 2002/06/06 v1.2 hyperref configuration of TeXLive
)
Package hyperref Info: Option `colorlinks' set `true' on input line 4383.
Package hyperref Info: Hyper figures OFF on input line 4509.
Package hyperref Info: Link nesting OFF on input line 4514.
Package hyperref Info: Hyper index ON on input line 4517.
Package hyperref Info: Plain pages OFF on input line 4524.
Package hyperref Info: Backreferencing OFF on input line 4529.
Package hyperref Info: Implicit mode ON; LaTeX internals redefined.
Package hyperref Info: Bookmarks ON on input line 4762.
\c@Hy@tempcnt=\count125

("C:\Program Files\MiKTeX 2.9\tex\latex\url\url.sty"
\Urlmuskip=\muskip10
Package: url 2013/09/16  ver 3.4  Verb mode for urls, etc.
)
LaTeX Info: Redefining \url on input line 5115.
\XeTeXLinkMargin=\dimen107
\Fld@menulength=\count126
\Field@Width=\dimen108
\Fld@charsize=\dimen109
Package hyperref Info: Hyper figures OFF on input line 6369.
Package hyperref Info: Link nesting OFF on input line 6374.
Package hyperref Info: Hyper index ON on input line 6377.
Package hyperref Info: backreferencing OFF on input line 6384.
Package hyperref Info: Link coloring ON on input line 6387.
Package hyperref Info: Link coloring with OCG OFF on input line 6394.
Package hyperref Info: PDF/A mode OFF on input line 6399.
LaTeX Info: Redefining \ref on input line 6439.
LaTeX Info: Redefining \pageref on input line 6443.
\Hy@abspage=\count127
\c@Item=\count128
\c@Hfootnote=\count129
)
Package hyperref Info: Driver (autodetected): hxetex.

("C:\Program Files\MiKTeX 2.9\tex\latex\hyperref\hxetex.def"
File: hxetex.def 2018/02/06 v6.86b Hyperref driver for XeTeX

("C:\Program Files\MiKTeX 2.9\tex\latex\hyperref\puenc.def"
File: puenc.def 2018/02/06 v6.86b Hyperref: PDF Unicode definition (HO)
)
("C:\Program Files\MiKTeX 2.9\tex\generic\oberdiek\stringenc.sty"
Package: stringenc 2016/05/16 v1.11 Convert strings between diff. encodings (HO
)
)
\pdfm@box=\box27
\c@Hy@AnnotLevel=\count130
\HyField@AnnotCount=\count131
\Fld@listcount=\count132
\c@bookmark@seq@number=\count133

("C:\Program Files\MiKTeX 2.9\tex\latex\oberdiek\rerunfilecheck.sty"
Package: rerunfilecheck 2016/05/16 v1.8 Rerun checks for auxiliary files (HO)
Package rerunfilecheck Info: Feature \pdfmdfivesum is not available
(rerunfilecheck)             (e.g. pdfTeX or LuaTeX with package `pdftexcmds').

(rerunfilecheck)             Therefore file contents cannot be checked efficien
tly
(rerunfilecheck)             and the loading of the package is aborted.
)
\Hy@SectionHShift=\skip68
)
\@indexfile=\write3
\openout3 = `examdoc.idx'.


Writing index file examdoc.idx
No file examdoc.aux.
\openout1 = `examdoc.aux'.

LaTeX Font Info:    Checking defaults for OML/cmm/m/it on input line 123.
LaTeX Font Info:    ... okay on input line 123.
LaTeX Font Info:    Checking defaults for T1/cmr/m/n on input line 123.
LaTeX Font Info:    ... okay on input line 123.
LaTeX Font Info:    Checking defaults for OT1/cmr/m/n on input line 123.
LaTeX Font Info:    ... okay on input line 123.
LaTeX Font Info:    Checking defaults for OMS/cmsy/m/n on input line 123.
LaTeX Font Info:    ... okay on input line 123.
LaTeX Font Info:    Checking defaults for TU/lmr/m/n on input line 123.
LaTeX Font Info:    ... okay on input line 123.
LaTeX Font Info:    Checking defaults for OMX/cmex/m/n on input line 123.
LaTeX Font Info:    ... okay on input line 123.
LaTeX Font Info:    Checking defaults for U/cmr/m/n on input line 123.
LaTeX Font Info:    ... okay on input line 123.
LaTeX Font Info:    Checking defaults for PD1/pdf/m/n on input line 123.
LaTeX Font Info:    ... okay on input line 123.
LaTeX Font Info:    Checking defaults for PU/pdf/m/n on input line 123.
LaTeX Font Info:    ... okay on input line 123.
\AtBeginShipoutBox=\box28
("C:\Program Files\MiKTeX 2.9\tex\latex\graphics\color.sty"
Package: color 2016/07/10 v1.1e Standard LaTeX Color (DPC)

("C:\Program Files\MiKTeX 2.9\tex\latex\graphics-cfg\color.cfg"
File: color.cfg 2016/01/02 v1.6 sample color configuration
)
Package color Info: Driver file: xetex.def on input line 147.

("C:\Program Files\MiKTeX 2.9\tex\latex\graphics-def\xetex.def"
File: xetex.def 2017/06/24 v5.0h Graphics/color driver for xetex
))
Package hyperref Info: Link coloring ON on input line 123.

("C:\Program Files\MiKTeX 2.9\tex\latex\hyperref\nameref.sty"
Package: nameref 2016/05/21 v2.44 Cross-referencing by name of section

("C:\Program Files\MiKTeX 2.9\tex\generic\oberdiek\gettitlestring.sty"
Package: gettitlestring 2016/05/16 v1.5 Cleanup title references (HO)
)
\c@section@level=\count134
)
LaTeX Info: Redefining \ref on input line 123.
LaTeX Info: Redefining \pageref on input line 123.
LaTeX Info: Redefining \nameref on input line 123.
\@outlinefile=\write4
\openout4 = `examdoc.out'.



Package hyperref Warning: Rerun to get /PageLabels entry.

LaTeX Font Info:    Try loading font information for U+msa on input line 139.
("C:\Program Files\MiKTeX 2.9\tex\latex\amsfonts\umsa.fd"
File: umsa.fd 2013/01/14 v3.01 AMS symbols A
)
LaTeX Font Info:    Try loading font information for U+msb on input line 139.

("C:\Program Files\MiKTeX 2.9\tex\latex\amsfonts\umsb.fd"
File: umsb.fd 2013/01/14 v3.01 AMS symbols B
)
\tf@toc=\write5
\openout5 = `examdoc.toc'.


("C:\Program Files\MiKTeX 2.9\tex\generic\oberdiek\se-ascii-print.def"
File: se-ascii-print.def 2016/05/16 v1.11 stringenc: Printable ASCII characters

)

LaTeX Warning: Reference `sec:Questions' on page 1 undefined on input line 161.



LaTeX Warning: Reference `sec:parts' on page 1 undefined on input line 161.


LaTeX Warning: Reference `sec:points' on page 1 undefined on input line 167.


LaTeX Warning: Reference `sec:addup' on page 1 undefined on input line 171.


LaTeX Warning: Reference `sec:pointsofq' on page 1 undefined on input line 172.



LaTeX Warning: Reference `sec:pointsonp' on page 1 undefined on input line 172.



LaTeX Warning: Reference `sec:GradeTables' on page 1 undefined on input line 17
5.

[1

]

LaTeX Warning: Reference `sec:header' on page 2 undefined on input line 179.


LaTeX Warning: Reference `sec:footer' on page 2 undefined on input line 181.


LaTeX Warning: Reference `sec:runningheader' on page 2 undefined on input line 
183.


LaTeX Warning: Reference `sec:lhead' on page 2 undefined on input line 184.


LaTeX Warning: Reference `sec:runningfooter' on page 2 undefined on input line 
184.


LaTeX Warning: Reference `sec:lfoot' on page 2 undefined on input line 184.


LaTeX Warning: Reference `sec:extra-room' on page 2 undefined on input line 190
.


LaTeX Warning: Reference `sec:numpages' on page 2 undefined on input line 192.


LaTeX Warning: Reference `sec:lastpage' on page 2 undefined on input line 194.


LaTeX Warning: Reference `sec:QuesSpan' on page 2 undefined on input line 203.


LaTeX Warning: Reference `sec:rules' on page 2 undefined on input line 205.


LaTeX Warning: Reference `sec:coverpages' on page 2 undefined on input line 209
.


LaTeX Warning: Reference `sec:solutions' on page 2 undefined on input line 213.



LaTeX Warning: Reference `sec:CorrectChoice' on page 2 undefined on input line 
214.


LaTeX Warning: Reference `sec:AnsShortAns' on page 2 undefined on input line 21
4.


Overfull \hbox (1.96637pt too wide) in paragraph at lines 226--236
\TU/lmr/m/n/12 sion. The latest version of this license is in [][]\TU/lmtt/m/n/
12 http://www.latex-project.org/lppl.txt
 []

[2]
LaTeX Font Info:    Font shape `TU/lmtt/bx/n' in size <14.4> not available
(Font)              Font shape `TU/lmtt/b/n' tried instead on input line 251.


LaTeX Warning: Reference `sec:Documentclass' on page 3 undefined on input line 
264.


LaTeX Warning: Reference `sec:BasicSpace' on page 3 undefined on input line 271
.


LaTeX Warning: Reference `sec:LeaveSpace' on page 3 undefined on input line 271
.


LaTeX Warning: Reference `sec:Questions' on page 3 undefined on input line 291.


[3]

LaTeX Warning: Reference `sec:BasicName' on page 4 undefined on input line 317.



LaTeX Warning: Reference `sec:points' on page 4 undefined on input line 368.

[4]

LaTeX Warning: Reference `sec:parts' on page 5 undefined on input line 380.

[5] [6]

LaTeX Warning: Reference `sec:LeaveSpace' on page 7 undefined on input line 514
.

[7]

LaTeX Warning: Reference `sec:beginexamples' on page 8 undefined on input line 
593.


LaTeX Warning: Reference `sec:endexamples' on page 8 undefined on input line 59
3.


LaTeX Warning: Reference `sec:pagestyle' on page 8 undefined on input line 596.



LaTeX Warning: Reference `sec:QuesSpan' on page 8 undefined on input line 596.

LaTeX Font Info:    Font shape `TU/lmtt/bx/n' in size <17.28> not available
(Font)              Font shape `TU/lmtt/b/n' tried instead on input line 603.

LaTeX Warning: Reference `sec:addpoints' on page 8 undefined on input line 621.



LaTeX Warning: Reference `sec:answers' on page 8 undefined on input line 623.


LaTeX Warning: Reference `sec:addup' on page 8 undefined on input line 640.


LaTeX Warning: Reference `sec:Count' on page 8 undefined on input line 640.


LaTeX Warning: Reference `sec:pointsofq' on page 8 undefined on input line 640.



LaTeX Warning: Reference `sec:pointsonp' on page 8 undefined on input line 641.



LaTeX Warning: Reference `sec:GradeTables' on page 8 undefined on input line 64
2.


LaTeX Warning: Reference `sec:PointTables' on page 8 undefined on input line 64
2.


LaTeX Warning: Reference `sec:points' on page 8 undefined on input line 648.


LaTeX Warning: Reference `sec:Half' on page 8 undefined on input line 652.

[8]

LaTeX Warning: Reference `sec:solutions' on page 9 undefined on input line 670.



LaTeX Warning: Reference `sec:CorrectChoice' on page 9 undefined on input line 
670.


LaTeX Warning: Reference `sec:AnsShortAns' on page 9 undefined on input line 67
1.


LaTeX Warning: Reference `sec:solutions' on page 9 undefined on input line 688.



Overfull \hbox (4.34103pt too wide) in paragraph at lines 686--690
\TU/lmr/m/n/12 Using the document class option [][]\TU/lmtt/m/n/12 answers []\T
U/lmr/m/n/12 is equivalent to giving the command [][]\TU/lmtt/m/n/12 \printansw
ers[]
 []


LaTeX Warning: Reference `sec:solutions' on page 9 undefined on input line 708.



LaTeX Warning: Reference `sec:MulChc' on page 9 undefined on input line 713.


LaTeX Warning: Reference `sec:CorrectChoice' on page 9 undefined on input line 
715.

[9]

LaTeX Warning: Reference `sec:ShortAns' on page 10 undefined on input line 721.



LaTeX Warning: Reference `sec:AnsShortAns' on page 10 undefined on input line 7
23.


LaTeX Warning: Reference `sec:Questions' on page 10 undefined on input line 736
.


LaTeX Warning: Reference `sec:points' on page 10 undefined on input line 739.


LaTeX Warning: Reference `sec:Half' on page 10 undefined on input line 741.


LaTeX Warning: Reference `sec:parts' on page 10 undefined on input line 747.


LaTeX Warning: Reference `sec:points' on page 10 undefined on input line 750.


LaTeX Warning: Reference `sec:parts' on page 10 undefined on input line 752.


LaTeX Warning: Reference `sec:whereprint' on page 10 undefined on input line 75
7.


LaTeX Warning: Reference `sec:DrpPts' on page 10 undefined on input line 758.


LaTeX Warning: Reference `sec:Boxed' on page 10 undefined on input line 759.


LaTeX Warning: Reference `sec:pointname' on page 10 undefined on input line 759
.


LaTeX Warning: Reference `sec:margins' on page 10 undefined on input line 760.


LaTeX Warning: Reference `sec:pointformat' on page 10 undefined on input line 7
60.


LaTeX Warning: Reference `sec:Bonus' on page 10 undefined on input line 763.

[10] [11] [12] [13]

LaTeX Warning: Reference `sec:CustNumb' on page 14 undefined on input line 1045
.


LaTeX Warning: Reference `sec:whereprint' on page 14 undefined on input line 10
65.


LaTeX Warning: Reference `sec:DrpPts' on page 14 undefined on input line 1065.


LaTeX Warning: Reference `sec:Boxed' on page 14 undefined on input line 1067.


LaTeX Warning: Reference `sec:qformat' on page 14 undefined on input line 1070.



LaTeX Warning: Reference `sec:pointformat' on page 14 undefined on input line 1
070.


Overfull \hbox (7.54262pt too wide) in paragraph at lines 1081--1085
[]\TU/lmr/m/n/12 the command [][]\TU/lmtt/m/n/12 \pointsinmargin[] []\TU/lmr/m/
n/12 (or, equivalently, the command [][]\TU/lmtt/m/n/12 \pointsinleftmargin[][]
\TU/lmr/m/n/12 )
 []

[14]

LaTeX Warning: Reference `sec:DrpPts' on page 15 undefined on input line 1109.

[15]

LaTeX Warning: Reference `sec:pointname' on page 16 undefined on input line 115
3.


LaTeX Warning: Reference `sec:pointname' on page 16 undefined on input line 117
9.


LaTeX Warning: Reference `sec:qformat' on page 16 undefined on input line 1234.



LaTeX Warning: Reference `sec:pointname' on page 16 undefined on input line 125
2.

[16] [17] [18] [19]

LaTeX Warning: Reference `sec:pointname' on page 20 undefined on input line 151
7.


LaTeX Warning: Reference `sec:whereprint' on page 20 undefined on input line 15
33.


LaTeX Warning: Reference `sec:Boxed' on page 20 undefined on input line 1533.

[20]

LaTeX Warning: Reference `sec:Bonus' on page 21 undefined on input line 1611.

LaTeX Font Info:    Font shape `TU/lmtt/bx/n' in size <12> not available
(Font)              Font shape `TU/lmtt/b/n' tried instead on input line 1644.
[21]

LaTeX Warning: Reference `sec:Boxed' on page 22 undefined on input line 1671.


LaTeX Warning: Reference `sec:pointname' on page 22 undefined on input line 171
5.


LaTeX Warning: Reference `sec:pagesize' on page 22 undefined on input line 1729
.


LaTeX Warning: Reference `sec:Boxed' on page 22 undefined on input line 1736.


LaTeX Warning: Reference `sec:pointname' on page 22 undefined on input line 173
7.


LaTeX Warning: Reference `sec:qformat' on page 22 undefined on input line 1741.


[22]

LaTeX Warning: Reference `sec:Bonus' on page 23 undefined on input line 1753.


LaTeX Warning: Reference `sec:pointname' on page 23 undefined on input line 177
1.


LaTeX Warning: Reference `sec:pointname' on page 23 undefined on input line 178
1.

[23]

LaTeX Warning: Reference `sec:parts' on page 24 undefined on input line 1896.


LaTeX Warning: Reference `sec:whereprint' on page 24 undefined on input line 19
03.

[24]

LaTeX Warning: Reference `sec:addpoints' on page 25 undefined on input line 195
0.


LaTeX Warning: Reference `sec:adding' on page 25 undefined on input line 1957.


LaTeX Warning: Reference `sec:pointname' on page 25 undefined on input line 197
7.

[25]

LaTeX Warning: Reference `sec:Bonus' on page 26 undefined on input line 1980.


LaTeX Warning: Reference `sec:Bonus' on page 26 undefined on input line 2001.


LaTeX Warning: Reference `sec:pointsofq' on page 26 undefined on input line 202
2.

[26]

LaTeX Warning: Reference `sec:BonusTables' on page 27 undefined on input line 2
159.

[27]

LaTeX Warning: Reference `sec:margins' on page 28 undefined on input line 2196.



LaTeX Warning: Reference `sec:questiontitle' on page 28 undefined on input line
 2227.


LaTeX Warning: Reference `sec:TitledQues' on page 28 undefined on input line 22
31.


LaTeX Warning: Reference `sec:pointname' on page 28 undefined on input line 224
3.

[28]

LaTeX Warning: Reference `sec:addup' on page 29 undefined on input line 2247.


LaTeX Warning: Reference `sec:pointsofq' on page 29 undefined on input line 225
0.


LaTeX Warning: Reference `sec:Bonus' on page 29 undefined on input line 2298.


LaTeX Warning: Reference `sec:CustList' on page 29 undefined on input line 2308
.


LaTeX Warning: Reference `sec:addup' on page 29 undefined on input line 2320.

[29]

LaTeX Warning: Reference `sec:addpoints' on page 30 undefined on input line 233
0.


Overfull \hbox (1.75305pt too wide) in paragraph at lines 2327--2332
\TU/lmr/m/n/12 (you must have used the document class option [][]\TU/lmtt/m/n/1
2 addpoints[] []\TU/lmr/m/n/12 or given the command [][]\TU/lmtt/m/n/12 \addpoi
nts[]
 []


LaTeX Warning: Reference `sec:addup' on page 30 undefined on input line 2361.


LaTeX Warning: Reference `sec:TitledQues' on page 30 undefined on input line 23
69.


LaTeX Warning: Reference `sec:GradeTables' on page 30 undefined on input line 2
372.


LaTeX Warning: Reference `sec:PointTables' on page 30 undefined on input line 2
372.


LaTeX Warning: Reference `sec:qformat' on page 30 undefined on input line 2373.



LaTeX Warning: Reference `sec:questiontitle' on page 30 undefined on input line
 2376.

[30]

LaTeX Warning: Reference `sec:questiontitle' on page 31 undefined on input line
 2403.


LaTeX Warning: Reference `sec:GradeTables' on page 31 undefined on input line 2
406.


LaTeX Warning: Reference `sec:questiontitle' on page 31 undefined on input line
 2409.


LaTeX Warning: Reference `sec:qformat' on page 31 undefined on input line 2434.


[31]

LaTeX Warning: Reference `sec:qformat' on page 32 undefined on input line 2489.



LaTeX Warning: Reference `sec:qformat' on page 32 undefined on input line 2496.



LaTeX Warning: Reference `sec:GradeTables' on page 32 undefined on input line 2
513.


LaTeX Warning: Reference `sec:PointTables' on page 32 undefined on input line 2
514.


LaTeX Warning: Reference `sec:PartialTable' on page 32 undefined on input line 
2515.


LaTeX Warning: Reference `sec:BonusTables' on page 32 undefined on input line 2
519.


LaTeX Warning: Reference `sec:CombinedTables' on page 32 undefined on input lin
e 2519.


LaTeX Warning: Reference `sec:addup' on page 32 undefined on input line 2522.


LaTeX Warning: Reference `sec:pointsofq' on page 32 undefined on input line 252
7.


LaTeX Warning: Reference `sec:pointsonp' on page 32 undefined on input line 252
9.


LaTeX Warning: Reference `sec:BonusTables' on page 32 undefined on input line 2
533.


Overfull \hbox (8.92505pt too wide) in paragraph at lines 2525--2534
[]\TU/lmr/m/n/12 the points are not counted by the [][]\TU/lmtt/m/n/12 \pointso
fquestion[] []\TU/lmr/m/n/12 (see section []) or [][]\TU/lmtt/m/n/12 \pointsonp
age[]
 []


LaTeX Warning: Reference `sec:Count' on page 32 undefined on input line 2536.


LaTeX Warning: Reference `sec:Count' on page 32 undefined on input line 2538.

[32]

LaTeX Warning: Reference `sec:pointname' on page 33 undefined on input line 255
8.


LaTeX Warning: Reference `sec:pointname' on page 33 undefined on input line 258
7.


LaTeX Warning: Reference `sec:addup' on page 33 undefined on input line 2603.


LaTeX Warning: Reference `sec:Tables' on page 33 undefined on input line 2636.


LaTeX Warning: Reference `sec:addpoints' on page 33 undefined on input line 264
0.


LaTeX Warning: Reference `sec:Bonus' on page 33 undefined on input line 2642.

[33]

LaTeX Warning: Reference `sec:Half' on page 34 undefined on input line 2668.


LaTeX Warning: Reference `sec:pointname' on page 34 undefined on input line 268
0.


LaTeX Warning: Reference `sec:GradeTables' on page 34 undefined on input line 2
693.


LaTeX Warning: Reference `sec:PointTables' on page 34 undefined on input line 2
694.


LaTeX Warning: Reference `sec:pointsofq' on page 34 undefined on input line 269
5.


LaTeX Warning: Reference `sec:pointsonp' on page 34 undefined on input line 269
6.

[34]

LaTeX Warning: Reference `ques:first' on page 35 undefined on input line 2738.


LaTeX Warning: Reference `ques:second' on page 35 undefined on input line 2739.



LaTeX Warning: Reference `part:good' on page 35 undefined on input line 2740.


LaTeX Warning: Reference `part:bad' on page 35 undefined on input line 2740.

[35] [36] [37]

LaTeX Warning: Reference `sec:qformat' on page 38 undefined on input line 2958.



LaTeX Warning: Reference `sec:Bonus' on page 38 undefined on input line 2960.


LaTeX Warning: Reference `sec:CustNumb' on page 38 undefined on input line 2988
.


LaTeX Warning: Reference `sec:choices' on page 38 undefined on input line 2993.



LaTeX Warning: Reference `sec:oneparchoices' on page 38 undefined on input line
 3000.


LaTeX Warning: Reference `sec:ShortAns' on page 38 undefined on input line 3005
.


LaTeX Warning: Reference `sec:AnsShortAns' on page 38 undefined on input line 3
009.


LaTeX Warning: Reference `sec:checkboxes' on page 38 undefined on input line 30
18.


LaTeX Warning: Reference `sec:oneparcheckboxes' on page 38 undefined on input l
ine 3025.


LaTeX Warning: Reference `sec:CorrectChoice' on page 38 undefined on input line
 3031.

[38]

LaTeX Warning: Reference `sec:choices' on page 39 undefined on input line 3097.


[39]

LaTeX Warning: Reference `sec:ShortAns' on page 40 undefined on input line 3144
.


LaTeX Warning: Reference `sec:choices' on page 40 undefined on input line 3178.



LaTeX Warning: Reference `sec:MulChceCust' on page 40 undefined on input line 3
199.


LaTeX Warning: Reference `sec:choices' on page 40 undefined on input line 3212.


[40]

LaTeX Warning: Reference `sec:MulChceCust' on page 41 undefined on input line 3
256.


LaTeX Warning: Reference `sec:solutions' on page 41 undefined on input line 327
5.


LaTeX Warning: Reference `sec:answers' on page 41 undefined on input line 3280.



LaTeX Warning: Reference `sec:choices' on page 41 undefined on input line 3282.



LaTeX Warning: Reference `sec:oneparcheckboxes' on page 41 undefined on input l
ine 3282.


LaTeX Warning: Reference `sec:MulChceCust' on page 41 undefined on input line 3
296.

[41]

LaTeX Warning: Reference `sec:CustFillin' on page 42 undefined on input line 33
72.

[42] [43]

LaTeX Warning: Reference `sec:ShortAns' on page 44 undefined on input line 3499
.


LaTeX Warning: Reference `sec:MulChceCust' on page 44 undefined on input line 3
510.


Overfull \hbox (2.15785pt too wide) in paragraph at lines 3545--3550
\TU/lmr/m/n/12 your document (i.e., after the [][]\TU/lmtt/m/n/12 \documentclas
s []\TU/lmr/m/n/12 command and before the [][]\TU/lmtt/m/n/12 \begin{document}[
]\TU/lmr/m/n/12 ),
 []

[44]
Underfull \hbox (badness 1796) in paragraph at lines 3566--3569
[]\TU/lmr/m/n/12 To avoid confusion, [][]\TU/lmtt/m/n/12 \correctchoiceemphasis
[] []\TU/lmr/m/n/12 is defined to be a synonym for
 []


Overfull \hbox (6.68985pt too wide) in paragraph at lines 3585--3590
\TU/lmr/m/n/12 document (i.e., after the [][]\TU/lmtt/m/n/12 \documentclass []\
TU/lmr/m/n/12 command and before the [][]\TU/lmtt/m/n/12 \begin{document}[]\TU/
lmr/m/n/12 ),
 []


Overfull \hbox (2.15785pt too wide) in paragraph at lines 3606--3611
\TU/lmr/m/n/12 your document (i.e., after the [][]\TU/lmtt/m/n/12 \documentclas
s []\TU/lmr/m/n/12 command and before the [][]\TU/lmtt/m/n/12 \begin{document}[
]\TU/lmr/m/n/12 ),
 []


LaTeX Warning: Reference `sec:CorrectChoice' on page 45 undefined on input line
 3617.

[45]

LaTeX Warning: Reference `sec:Instructions' on page 46 undefined on input line 
3670.


LaTeX Warning: Reference `sec:Naming' on page 46 undefined on input line 3671.

[46] [47]

LaTeX Warning: Reference `exact-start' on page 48 undefined on input line 3772.



LaTeX Warning: Reference `exact-end' on page 48 undefined on input line 3772.

[48]

LaTeX Warning: Reference `sec:Namefullwidth' on page 49 undefined on input line
 3893.


LaTeX Warning: Reference `sec:NameSection' on page 49 undefined on input line 3
898.

[49]

LaTeX Warning: Reference `sec:uplevel' on page 50 undefined on input line 3910.


[50]

LaTeX Warning: Reference `sec:Tables' on page 51 undefined on input line 4004.


LaTeX Warning: Reference `sec:QuesSpan' on page 51 undefined on input line 4007
.


LaTeX Warning: Reference `sec:BlankSpace' on page 51 undefined on input line 40
31.


LaTeX Warning: Reference `sec:EmptyBox' on page 51 undefined on input line 4032
.


LaTeX Warning: Reference `sec:FillLines' on page 51 undefined on input line 403
3.


LaTeX Warning: Reference `sec:FillDotLines' on page 51 undefined on input line 
4035.


LaTeX Warning: Reference `sec:FillGrid' on page 51 undefined on input line 4036
.

[51]

LaTeX Warning: Reference `sec:ShortAns' on page 52 undefined on input line 4039
.


LaTeX Warning: Reference `sec:solutions' on page 52 undefined on input line 404
0.


LaTeX Warning: Reference `sec:SolSpace' on page 52 undefined on input line 4051
.


LaTeX Warning: Reference `sec:SolSpace' on page 52 undefined on input line 4089
.


LaTeX Warning: Reference `sec:colorboxes' on page 52 undefined on input line 41
10.

[52] [53]

LaTeX Warning: Reference `sec:SolSpace' on page 54 undefined on input line 4186
.

[54] [55]

LaTeX Warning: Reference `sec:SolSpace' on page 56 undefined on input line 4316
.


LaTeX Warning: Reference `sec:FillLines' on page 56 undefined on input line 434
0.

[56] [57]

LaTeX Warning: Reference `sec:SolSpace' on page 58 undefined on input line 4441
.

[58] [59]

LaTeX Warning: Reference `sec:SolSpace' on page 60 undefined on input line 4570
.


LaTeX Warning: Reference `sec:pagestyle' on page 60 undefined on input line 458
1.


Overfull \hbox (1.50902pt too wide) in paragraph at lines 4577--4585
\TU/lmr/m/n/12 make sure you’re using either [][]\TU/lmtt/m/n/12 \pagestyle{hea
dandfoot} []\TU/lmr/m/n/12 (the default) or [][]\TU/lmtt/m/n/12 \pagestyle{foot
}
 []

[60] [61] [62]

LaTeX Warning: Reference `sec:answers' on page 63 undefined on input line 4747.



LaTeX Warning: Reference `sec:CorrectChoice' on page 63 undefined on input line
 4755.

[63] [64]

LaTeX Warning: Reference `sec:answers' on page 65 undefined on input line 4839.



LaTeX Warning: Reference `sec:solutionbox' on page 65 undefined on input line 4
844.


LaTeX Warning: Reference `sec:SolSpace' on page 65 undefined on input line 4847
.


LaTeX Warning: Reference `sec:BlankSpace' on page 65 undefined on input line 48
73.


LaTeX Warning: Reference `sec:EmptyBox' on page 65 undefined on input line 4877
.


LaTeX Warning: Reference `sec:FillLines' on page 65 undefined on input line 488
1.


LaTeX Warning: Reference `sec:FillDotLines' on page 65 undefined on input line 
4885.


LaTeX Warning: Reference `sec:FillGrid' on page 65 undefined on input line 4889
.

[65]

LaTeX Warning: Reference `sec:SolBox' on page 66 undefined on input line 4927.


LaTeX Warning: Reference `sec:shaded' on page 66 undefined on input line 4929.


LaTeX Warning: Reference `sec:SolPlain' on page 66 undefined on input line 4930
.


LaTeX Warning: Reference `sec:SolEmph' on page 66 undefined on input line 4936.



LaTeX Warning: Reference `sec:colorboxes' on page 66 undefined on input line 49
47.


LaTeX Warning: Reference `sec:shaded' on page 66 undefined on input line 4954.


LaTeX Warning: Reference `sec:answers' on page 66 undefined on input line 4975.


[66]

LaTeX Warning: Reference `sec:uplevel' on page 67 undefined on input line 5006.


[67]

LaTeX Warning: Reference `sec:SolSpace' on page 68 undefined on input line 5043
.


LaTeX Warning: Reference `sec:SolEmph' on page 68 undefined on input line 5099.


[68]

LaTeX Warning: Reference `sec:SolEnv' on page 69 undefined on input line 5169.


LaTeX Warning: Reference `sec:SolTitle' on page 69 undefined on input line 5172
.

[69]

LaTeX Warning: Reference `sec:SolEmph' on page 70 undefined on input line 5174.



LaTeX Warning: Reference `sec:AdvCust' on page 70 undefined on input line 5177.


[70]

LaTeX Warning: Reference `sec:SolPlain' on page 71 undefined on input line 5245
.


LaTeX Warning: Reference `sec:BlankSpace' on page 71 undefined on input line 52
99.


LaTeX Warning: Reference `sec:EmptyBox' on page 71 undefined on input line 5306
.


LaTeX Warning: Reference `sec:FillLines' on page 71 undefined on input line 531
4.


LaTeX Warning: Reference `sec:FillDotLines' on page 71 undefined on input line 
5320.


LaTeX Warning: Reference `sec:FillGrid' on page 71 undefined on input line 5326
.

[71]

LaTeX Warning: Reference `sec:BlankSpace' on page 72 undefined on input line 53
42.


LaTeX Warning: Reference `sec:EmptyBox' on page 72 undefined on input line 5356
.


LaTeX Warning: Reference `sec:FillLines' on page 72 undefined on input line 537
0.

[72]

LaTeX Warning: Reference `sec:FillDotLines' on page 73 undefined on input line 
5384.


LaTeX Warning: Reference `sec:FillGrid' on page 73 undefined on input line 5397
.


Overfull \hbox (24.85307pt too wide) in paragraph at lines 5396--5399
\TU/lmr/m/n/12 then there will be 2 inches of grid inserted (as if you had give
n the command [][]\TU/lmtt/m/n/12 \fillwithgrid{2in}[]\TU/lmr/m/n/12 ;
 []


LaTeX Warning: Reference `sec:SolEnv' on page 73 undefined on input line 5410.

[73]

LaTeX Warning: Reference `sec:colorboxes' on page 74 undefined on input line 54
78.

[74]

LaTeX Warning: Reference `sec:solutionbox' on page 75 undefined on input line 5
521.


LaTeX Warning: Reference `sec:EmptyBox' on page 75 undefined on input line 5524
.


LaTeX Warning: Reference `sec:SolEnv' on page 75 undefined on input line 5528.


LaTeX Warning: Reference `sec:SolBox' on page 75 undefined on input line 5540.


LaTeX Warning: Reference `sec:solutions' on page 75 undefined on input line 557
9.


LaTeX Warning: Reference `sec:CorrectChoice' on page 75 undefined on input line
 5581.


LaTeX Warning: Reference `sec:AnsShortAns' on page 75 undefined on input line 5
582.

[75] [76]
Overfull \hbox (13.26186pt too wide) in paragraph at lines 5643--5647
\TU/lmr/m/n/12 into your preamble (i.e., after the [][]\TU/lmtt/m/n/12 \documen
tclass []\TU/lmr/m/n/12 command and before the [][]\TU/lmtt/m/n/12 \begin{docum
ent}
 []

\cwidth=\skip69

LaTeX Warning: Reference `sec:GradeTables' on page 77 undefined on input line 5
683.


LaTeX Warning: Reference `sec:PointTables' on page 77 undefined on input line 5
687.


LaTeX Warning: Reference `sec:PartialTable' on page 77 undefined on input line 
5690.


LaTeX Warning: Reference `sec:Bonus' on page 77 undefined on input line 5692.


LaTeX Warning: Reference `sec:GradeTables' on page 77 undefined on input line 5
694.


LaTeX Warning: Reference `sec:PointTables' on page 77 undefined on input line 5
694.


LaTeX Warning: Reference `sec:PartialTable' on page 77 undefined on input line 
5695.


LaTeX Warning: Reference `sec:BonusTables' on page 77 undefined on input line 5
697.


LaTeX Warning: Reference `sec:CombinedTables' on page 77 undefined on input lin
e 5699.

[77]

LaTeX Warning: Reference `sec:Titled' on page 78 undefined on input line 5712.


LaTeX Warning: Reference `sec:addpoints' on page 78 undefined on input line 572
6.

[78] [79]

LaTeX Warning: Reference `sec:PartialTable' on page 80 undefined on input line 
5908.


LaTeX Warning: Reference `sec:MulRows' on page 80 undefined on input line 5912.



LaTeX Warning: Reference `sec:MulCols' on page 80 undefined on input line 5913.



LaTeX Warning: Reference `sec:GradeTables' on page 80 undefined on input line 5
932.

[80]

LaTeX Warning: Reference `sec:CustTable' on page 81 undefined on input line 595
3.


LaTeX Warning: Reference `sec:GradeTables' on page 81 undefined on input line 6
037.

[81]

LaTeX Warning: Reference `sec:CustTable' on page 82 undefined on input line 605
8.


LaTeX Warning: Reference `sec:GradeTables' on page 82 undefined on input line 6
105.

[82] [83]

LaTeX Warning: Reference `sec:PartialTable' on page 84 undefined on input line 
6259.


LaTeX Warning: Reference `sec:PtMulRows' on page 84 undefined on input line 626
4.


LaTeX Warning: Reference `sec:PtMulCols' on page 84 undefined on input line 626
4.

[84]

LaTeX Warning: Reference `sec:PointTables' on page 85 undefined on input line 6
283.


LaTeX Warning: Reference `sec:CustTable' on page 85 undefined on input line 630
4.


LaTeX Warning: Reference `sec:PointTables' on page 85 undefined on input line 6
320.


LaTeX Warning: Reference `sec:CustTable' on page 85 undefined on input line 634
1.

[85]

LaTeX Warning: Reference `sec:Titled' on page 86 undefined on input line 6368.

[86]

LaTeX Warning: Reference `sec:Bonus' on page 87 undefined on input line 6434.


LaTeX Warning: Reference `sec:BonusTables' on page 87 undefined on input line 6
438.


LaTeX Warning: Reference `sec:BonusTables' on page 87 undefined on input line 6
442.


LaTeX Warning: Reference `sec:CombinedTables' on page 87 undefined on input lin
e 6442.


Overfull \hbox (12.53943pt too wide) in paragraph at lines 6434--6443
[][]\TU/lmtt/m/n/12 \partialbonusgradetable[]\TU/lmr/m/n/12 , [][]\TU/lmtt/m/n/
12 \partialbonuspointtable[]\TU/lmr/m/n/12 , [][]\TU/lmtt/m/n/12 \partialcombin
edgradetable[]\TU/lmr/m/n/12 , and
 []


LaTeX Warning: Reference `sec:PartialTable' on page 87 undefined on input line 
6469.


LaTeX Warning: Reference `sec:CustTable' on page 87 undefined on input line 649
0.

[87]

LaTeX Warning: Reference `sec:PartialTable' on page 88 undefined on input line 
6511.


LaTeX Warning: Reference `sec:CustTable' on page 88 undefined on input line 653
2.


LaTeX Warning: Reference `sec:addpoints' on page 88 undefined on input line 654
2.


LaTeX Warning: Reference `sec:Tables' on page 88 undefined on input line 6558.


LaTeX Warning: Reference `sec:adding' on page 88 undefined on input line 6565.

[88]

LaTeX Warning: Reference `sec:Bonus' on page 89 undefined on input line 6569.


LaTeX Warning: Reference `sec:BonusTables' on page 89 undefined on input line 6
570.


LaTeX Warning: Reference `sec:addpoints' on page 89 undefined on input line 658
0.


LaTeX Warning: Reference `sec:runningfooter' on page 89 undefined on input line
 6605.


LaTeX Warning: Reference `sec:PtsPgEx' on page 89 undefined on input line 6608.



LaTeX Warning: Reference `sec:Bonus' on page 89 undefined on input line 6617.


LaTeX Warning: Reference `sec:BonusTables' on page 89 undefined on input line 6
619.


LaTeX Warning: Reference `sec:Bonus' on page 89 undefined on input line 6630.


LaTeX Warning: Reference `sec:GradeTables' on page 89 undefined on input line 6
632.


LaTeX Warning: Reference `sec:PointTables' on page 89 undefined on input line 6
632.


LaTeX Warning: Reference `sec:PartialTable' on page 89 undefined on input line 
6633.


LaTeX Warning: Reference `sec:pointsofq' on page 89 undefined on input line 663
5.


LaTeX Warning: Reference `sec:pointsonp' on page 89 undefined on input line 663
7.


LaTeX Warning: Reference `sec:CombinedTables' on page 89 undefined on input lin
e 6640.

[89]

LaTeX Warning: Reference `sec:PartialTable' on page 90 undefined on input line 
6697.


LaTeX Warning: Reference `sec:Clickable' on page 90 undefined on input line 669
8.


LaTeX Warning: Reference `sec:Bonus' on page 90 undefined on input line 6712.

[90]

LaTeX Warning: Reference `sec:Bonus' on page 91 undefined on input line 6772.


LaTeX Warning: Reference `sec:PartialTable' on page 91 undefined on input line 
6796.

[91]
Overfull \hbox (6.10498pt too wide) in paragraph at lines 6820--6820
[]\TU/lmtt/m/n/12 \multicolumnpartialcombinedgradetable{numcols}{rangename}[que
stions or pages][] 
 []


Overfull \hbox (6.10498pt too wide) in paragraph at lines 6820--6820
[]\TU/lmtt/m/n/12 \multicolumnpartialcombinedpointtable{numcols}{rangename}[que
stions or pages][] 
 []


LaTeX Warning: Reference `sec:CustTable' on page 92 undefined on input line 682
8.


LaTeX Warning: Reference `sec:Clickable' on page 92 undefined on input line 683
2.


LaTeX Warning: Reference `sec:BonusTables' on page 92 undefined on input line 6
833.


LaTeX Warning: Reference `sec:Titled' on page 92 undefined on input line 6848.


LaTeX Warning: Reference `sec:Bonus' on page 92 undefined on input line 6849.

[92] [93] [94] [95]
Overfull \hbox (4.71709pt too wide) in paragraph at lines 7232--7239
\TU/lmr/m/n/12 ment class option ([][]\TU/lmtt/m/n/12 a4paper[]\TU/lmr/m/n/12 ,
 [][]\TU/lmtt/m/n/12 a5paper[]\TU/lmr/m/n/12 , [][]\TU/lmtt/m/n/12 b5paper[]\TU
/lmr/m/n/12 , [][]\TU/lmtt/m/n/12 letterpaper[]\TU/lmr/m/n/12 , [][]\TU/lmtt/m/
n/12 legalpaper[]\TU/lmr/m/n/12 , [][]\TU/lmtt/m/n/12 executivepaper[]\TU/lmr/m
/n/12 ,
 []

[96]

LaTeX Warning: Reference `sec:extra-room' on page 97 undefined on input line 72
68.


LaTeX Warning: Reference `sec:extra-room' on page 97 undefined on input line 72
90.

[97]

LaTeX Warning: Reference `sec:extra-room' on page 98 undefined on input line 73
13.


LaTeX Warning: Reference `sec:beginexamples' on page 98 undefined on input line
 7329.


LaTeX Warning: Reference `sec:endexamples' on page 98 undefined on input line 7
330.


LaTeX Warning: Reference `sec:beginexamples' on page 98 undefined on input line
 7330.


LaTeX Warning: Reference `sec:endexamples' on page 98 undefined on input line 7
331.


LaTeX Warning: Reference `sec:coverpages' on page 98 undefined on input line 73
38.


LaTeX Warning: Reference `sec:Coverhdft' on page 98 undefined on input line 734
3.


LaTeX Warning: Reference `sec:header' on page 98 undefined on input line 7355.


LaTeX Warning: Reference `sec:rules' on page 98 undefined on input line 7355.

[98]

LaTeX Warning: Reference `sec:runningheader' on page 99 undefined on input line
 7425.


LaTeX Warning: Reference `sec:lhead' on page 99 undefined on input line 7428.

[99] [100]

LaTeX Warning: Reference `sec:extra-room' on page 101 undefined on input line 7
581.


LaTeX Warning: Reference `sec:header' on page 101 undefined on input line 7591.



LaTeX Warning: Reference `sec:runningfooter' on page 101 undefined on input lin
e 7596.


LaTeX Warning: Reference `sec:lfoot' on page 101 undefined on input line 7599.

[101]

LaTeX Warning: Reference `sec:numpages' on page 102 undefined on input line 762
7.


LaTeX Warning: Reference `sec:numpages' on page 102 undefined on input line 765
9.


LaTeX Warning: Reference `sec:extra-room' on page 102 undefined on input line 7
670.

[102]

LaTeX Warning: Reference `sec:lhead' on page 103 undefined on input line 7704.


LaTeX Warning: Reference `sec:pagesize' on page 103 undefined on input line 772
0.


Overfull \hbox (26.88637pt too wide) in paragraph at lines 7716--7721
[][]\TU/lmtt/m/n/12 \documentclass []\TU/lmr/m/n/12 command and before the [][]
\TU/lmtt/m/n/12 \begin{document} []\TU/lmr/m/n/12 command. The [][]\TU/lmtt/m/n
/12 \extraheadheight
 []


LaTeX Warning: Reference `sec:lfoot' on page 103 undefined on input line 7744.

[103]

LaTeX Warning: Reference `sec:pagesize' on page 104 undefined on input line 776
0.


Overfull \hbox (26.88637pt too wide) in paragraph at lines 7756--7761
[][]\TU/lmtt/m/n/12 \documentclass []\TU/lmr/m/n/12 command and before the [][]
\TU/lmtt/m/n/12 \begin{document} []\TU/lmr/m/n/12 command. The [][]\TU/lmtt/m/n
/12 \extrafootheight
 []

[104]

LaTeX Warning: Reference `sec:runningheader' on page 105 undefined on input lin
e 7808.


LaTeX Warning: Reference `sec:lhead' on page 105 undefined on input line 7810.


LaTeX Warning: Reference `sec:numpages' on page 105 undefined on input line 782
4.


LaTeX Warning: Reference `sec:runningfooter' on page 105 undefined on input lin
e 7852.


LaTeX Warning: Reference `sec:lfoot' on page 105 undefined on input line 7854.


LaTeX Warning: Reference `sec:coverpages' on page 105 undefined on input line 7
857.

[105]

LaTeX Warning: Reference `sec:runningfooter' on page 106 undefined on input lin
e 7911.


LaTeX Warning: Reference `sec:lfoot' on page 106 undefined on input line 7913.

[106]

LaTeX Warning: Reference `sec:lastpage' on page 107 undefined on input line 796
9.


LaTeX Warning: Reference `sec:ifcontin' on page 107 undefined on input line 799
5.


LaTeX Warning: Reference `sec:ifincomp' on page 107 undefined on input line 800
0.

[107]

LaTeX Warning: Reference `sec:lhead' on page 108 undefined on input line 8044.


LaTeX Warning: Reference `sec:ifincomp' on page 108 undefined on input line 806
8.


LaTeX Warning: Reference `sec:ifincomp' on page 108 undefined on input line 807
2.

[108]

LaTeX Warning: Reference `sec:lfoot' on page 109 undefined on input line 8141.


LaTeX Warning: Reference `sec:lastpage' on page 109 undefined on input line 814
2.

[109]
Overfull \hbox (5.18507pt too wide) in paragraph at lines 8149--8157
\TU/lmr/m/n/12 next page, but there is no [][]\TU/lmtt/m/n/12 \part[]\TU/lmr/m/
n/12 , [][]\TU/lmtt/m/n/12 \subpart[]\TU/lmr/m/n/12 , [][]\TU/lmtt/m/n/12 \subs
ubpart[]\TU/lmr/m/n/12 , [][]\TU/lmtt/m/n/12 \choice[]\TU/lmr/m/n/12 , or [][]\
TU/lmtt/m/n/12 \CorrectChoice
 []


LaTeX Warning: Reference `sec:ifcontin' on page 110 undefined on input line 817
5.


LaTeX Warning: Reference `sec:ifcontin' on page 110 undefined on input line 817
9.


Overfull \hbox (1.45296pt too wide) in paragraph at lines 8177--8187
[]\TU/lmr/m/n/12 The [][]\TU/lmtt/m/n/12 \noquestionsonthispage[] []\TU/lmr/m/n
/12 command tells the [][]\TU/lmtt/m/n/12 \ifincomplete []\TU/lmr/m/n/12 comman
d (and
 []

[110] [111] [112] [113] [114] [115] [116] [117] [118] [119]

LaTeX Warning: Reference `sec:Coverhdft' on page 120 undefined on input line 86
34.


LaTeX Warning: Reference `sec:Coverhdft' on page 120 undefined on input line 86
52.


LaTeX Warning: Reference `sec:headfoot' on page 120 undefined on input line 866
6.

[120]

LaTeX Warning: Reference `sec:headfoot' on page 121 undefined on input line 870
4.

[121] [122]
No file examdoc.ind.
This exam contains 114 questions with 56 parts, 11 subparts, and 4 subsubparts.

This exam has a total of 50 points.
This exam has a total of 0 bonus points.

Class exam Warning: Point totals have changed. Rerun to get point totals right.


Package atveryend Info: Empty hook `BeforeClearDocument' on input line 8767.
Package atveryend Info: Empty hook `AfterLastShipout' on input line 8767.
(examdoc.aux)
Package atveryend Info: Empty hook `AtVeryEndDocument' on input line 8767.
Package atveryend Info: Empty hook `AtEndAfterFileList' on input line 8767.


LaTeX Warning: There were undefined references.


LaTeX Warning: Label(s) may have changed. Rerun to get cross-references right.

Package atveryend Info: Empty hook `AtVeryVeryEnd' on input line 8767.
 ) 
Here is how much of TeX's memory you used:
 9524 strings out of 427836
 133994 string characters out of 3152479
 215809 words of memory out of 3000000
 13438 multiletter control sequences out of 15000+200000
 14141 words of font info for 69 fonts, out of 3000000 for 9000
 1328 hyphenation exceptions out of 8191
 28i,11n,45p,241b,521s stack positions out of 5000i,500n,10000p,200000b,50000s

Output written on examdoc.pdf (122 pages).
