\BOOKMARK [1][-]{section.1}{Introduction}{}% 1
\BOOKMARK [2][-]{subsection.1.1}{License}{section.1}% 2
\BOOKMARK [1][-]{section.2}{Simple\040instructions\040for\040a\040basic\040exam}{}% 3
\BOOKMARK [2][-]{subsection.2.1}{The\040documentclass\040command}{section.2}% 4
\BOOKMARK [2][-]{subsection.2.2}{Asking\040for\040the\040student's\040name}{section.2}% 5
\BOOKMARK [2][-]{subsection.2.3}{Asking\040questions}{section.2}% 6
\BOOKMARK [2][-]{subsection.2.4}{Questions\040with\040parts,\040and\040subparts,\040and\040subsubparts}{section.2}% 7
\BOOKMARK [2][-]{subsection.2.5}{Leaving\040space\040for\040the\040answers}{section.2}% 8
\BOOKMARK [2][-]{subsection.2.6}{Headers\040and\040footers}{section.2}% 9
\BOOKMARK [1][-]{section.3}{The\040documentclass\040command}{}% 10
\BOOKMARK [2][-]{subsection.3.1}{The\040option\040addpoints}{section.3}% 11
\BOOKMARK [2][-]{subsection.3.2}{The\040option\040answers}{section.3}% 12
\BOOKMARK [1][-]{section.4}{Questions\040and\040points}{}% 13
\BOOKMARK [2][-]{subsection.4.1}{Questions}{section.4}% 14
\BOOKMARK [2][-]{subsection.4.2}{Questions\040with\040parts\040and\040subparts\040\(and\040subsubparts\)}{section.4}% 15
\BOOKMARK [2][-]{subsection.4.3}{Point\040values\040for\040the\040questions}{section.4}% 16
\BOOKMARK [3][-]{subsubsection.4.3.1}{Where\040the\040points\040will\040be\040printed}{subsection.4.3}% 17
\BOOKMARK [3][-]{subsubsection.4.3.2}{Printing\040the\040points\040at\040the\040end\040of\040the\040question}{subsection.4.3}% 18
\BOOKMARK [3][-]{subsubsection.4.3.3}{Half\040points}{subsection.4.3}% 19
\BOOKMARK [3][-]{subsubsection.4.3.4}{Surrounding\040the\040points:\040Parentheses,\040brackets,\040or\040a\040box}{subsection.4.3}% 20
\BOOKMARK [3][-]{subsubsection.4.3.5}{Using\040a\040substitute\040for\040the\040word\040``points''}{subsection.4.3}% 21
\BOOKMARK [3][-]{subsubsection.4.3.6}{Using\040marginpointname\040and\040enlarging\040the\040margins}{subsection.4.3}% 22
\BOOKMARK [3][-]{subsubsection.4.3.7}{Completely\040customizing\040the\040points}{subsection.4.3}% 23
\BOOKMARK [3][-]{subsubsection.4.3.8}{Questions\040that\040begin\040with\040a\040parts\040environment}{subsection.4.3}% 24
\BOOKMARK [3][-]{subsubsection.4.3.9}{Adding\040up\040the\040points\040for\040a\040question}{subsection.4.3}% 25
\BOOKMARK [3][-]{subsubsection.4.3.10}{Margin\040sizes\040when\040using\040pointsinmargin\040and\040pointsinrightmargin}{subsection.4.3}% 26
\BOOKMARK [2][-]{subsection.4.4}{Custom\040question\040number\040lines:\040The\040qformat\040command}{section.4}% 27
\BOOKMARK [3][-]{subsubsection.4.4.1}{Adding\040up\040the\040points\040for\040a\040question}{subsection.4.4}% 28
\BOOKMARK [2][-]{subsection.4.5}{Titled\040questions}{section.4}% 29
\BOOKMARK [3][-]{subsubsection.4.5.1}{titledquestion}{subsection.4.5}% 30
\BOOKMARK [3][-]{subsubsection.4.5.2}{thequestiontitle}{subsection.4.5}% 31
\BOOKMARK [2][-]{subsection.4.6}{Bonus\040points}{section.4}% 32
\BOOKMARK [2][-]{subsection.4.7}{Counting\040the\040questions\040and\040adding\040up\040the\040points}{section.4}% 33
\BOOKMARK [2][-]{subsection.4.8}{Referring\040to\040specific\040questions\040by\040number\040\(cross\040references\)}{section.4}% 34
\BOOKMARK [2][-]{subsection.4.9}{Customizing\040the\040numbers}{section.4}% 35
\BOOKMARK [2][-]{subsection.4.10}{Customizing\040the\040list\040parameters}{section.4}% 36
\BOOKMARK [1][-]{section.5}{Multiple\040choice\040and\040fill\040in\040the\040blank\040questions}{}% 37
\BOOKMARK [2][-]{subsection.5.1}{The\040choices\040environment}{section.5}% 38
\BOOKMARK [2][-]{subsection.5.2}{The\040oneparchoices\040environment}{section.5}% 39
\BOOKMARK [2][-]{subsection.5.3}{The\040checkboxes\040environment}{section.5}% 40
\BOOKMARK [2][-]{subsection.5.4}{The\040oneparcheckboxes\040environment}{section.5}% 41
\BOOKMARK [2][-]{subsection.5.5}{Solutions\040to\040multiple\040choice\040questions}{section.5}% 42
\BOOKMARK [2][-]{subsection.5.6}{Fill\040in\040the\040blank\040questions}{section.5}% 43
\BOOKMARK [3][-]{subsubsection.5.6.1}{True/False\040questions}{subsection.5.6}% 44
\BOOKMARK [3][-]{subsubsection.5.6.2}{Customizing\040the\040fillin\040command}{subsection.5.6}% 45
\BOOKMARK [2][-]{subsection.5.7}{Customizing\040the\040multiple\040choice\040environments}{section.5}% 46
\BOOKMARK [1][-]{section.6}{Escaping\040the\040indentation:\040uplevel\040and\040fullwidth}{}% 47
\BOOKMARK [2][-]{subsection.6.1}{Including\040instructions\040for\040a\040group\040of\040questions}{section.6}% 48
\BOOKMARK [2][-]{subsection.6.2}{Naming\040the\040parts\040of\040a\040long\040exam}{section.6}% 49
\BOOKMARK [3][-]{subsubsection.6.2.1}{Using\040uplevel\040and\040fullwidth}{subsection.6.2}% 50
\BOOKMARK [3][-]{subsubsection.6.2.2}{Using\040the\040standard\040sectioning\040commands}{subsection.6.2}% 51
\BOOKMARK [1][-]{section.7}{Leaving\040space\040for\040the\040answers}{}% 52
\BOOKMARK [2][-]{subsection.7.1}{Leaving\040blank\040space}{section.7}% 53
\BOOKMARK [2][-]{subsection.7.2}{Printing\040an\040empty\040box}{section.7}% 54
\BOOKMARK [2][-]{subsection.7.3}{Printing\040lined\040space}{section.7}% 55
\BOOKMARK [2][-]{subsection.7.4}{Printing\040dotted\040lined\040space}{section.7}% 56
\BOOKMARK [2][-]{subsection.7.5}{Printing\040space\040filled\040with\040a\040grid}{section.7}% 57
\BOOKMARK [3][-]{subsubsection.7.5.1}{Covering\040every\040page\040with\040a\040grid}{subsection.7.5}% 58
\BOOKMARK [3][-]{subsubsection.7.5.2}{Printing\040graph\040paper}{subsection.7.5}% 59
\BOOKMARK [2][-]{subsection.7.6}{Short\040answer\040questions}{section.7}% 60
\BOOKMARK [2][-]{subsection.7.7}{Printing\040the\040answers\040to\040short\040answer\040questions}{section.7}% 61
\BOOKMARK [1][-]{section.8}{Solutions}{}% 62
\BOOKMARK [2][-]{subsection.8.1}{Solution\040environments}{section.8}% 63
\BOOKMARK [2][-]{subsection.8.2}{The\040appearance\040of\040the\040solution}{section.8}% 64
\BOOKMARK [3][-]{subsubsection.8.2.1}{Printing\040the\040solution\040in\040a\040box}{subsection.8.2}% 65
\BOOKMARK [3][-]{subsubsection.8.2.2}{Printing\040the\040solution\040on\040a\040shaded\040background}{subsection.8.2}% 66
\BOOKMARK [3][-]{subsubsection.8.2.3}{Printing\040the\040solution\040with\040no\040framing\040or\040shading}{subsection.8.2}% 67
\BOOKMARK [2][-]{subsection.8.3}{Imported\040graphics\040in\040solutions}{section.8}% 68
\BOOKMARK [2][-]{subsection.8.4}{Customizing\040the\040solution}{section.8}% 69
\BOOKMARK [3][-]{subsubsection.8.4.1}{The\040title}{subsection.8.4}% 70
\BOOKMARK [3][-]{subsubsection.8.4.2}{Solution\040emphasis}{subsection.8.4}% 71
\BOOKMARK [3][-]{subsubsection.8.4.3}{Advanced\040customizations}{subsection.8.4}% 72
\BOOKMARK [2][-]{subsection.8.5}{Leaving\040space\040for\040the\040answers\040when\040solutions\040aren't\040printed}{section.8}% 73
\BOOKMARK [3][-]{subsubsection.8.5.1}{Cancelling\040the\040space\040from\040the\040optional\040arguments}{subsection.8.5}% 74
\BOOKMARK [2][-]{subsection.8.6}{The\040solutionbox\040environment}{section.8}% 75
\BOOKMARK [2][-]{subsection.8.7}{Solution\040box\040frames\040in\040color}{section.8}% 76
\BOOKMARK [2][-]{subsection.8.8}{Changes\040depending\040on\040whether\040or\040not\040solutions\040are\040being\040printed}{section.8}% 77
\BOOKMARK [3][-]{subsubsection.8.8.1}{Printing\040only\040selected\040solutions}{subsection.8.8}% 78
\BOOKMARK [1][-]{section.9}{Grading\040tables\040and\040point\040tables}{}% 79
\BOOKMARK [2][-]{subsection.9.1}{Grading\040tables\040indexed\040by\040question\040number\040or\040by\040page\040number}{section.9}% 80
\BOOKMARK [3][-]{subsubsection.9.1.1}{Grading\040tables\040with\040multiple\040rows}{subsection.9.1}% 81
\BOOKMARK [3][-]{subsubsection.9.1.2}{Grading\040tables\040with\040multiple\040columns}{subsection.9.1}% 82
\BOOKMARK [2][-]{subsection.9.2}{Point\040tables\040indexed\040by\040question\040number\040or\040by\040page\040number}{section.9}% 83
\BOOKMARK [3][-]{subsubsection.9.2.1}{Point\040tables\040with\040multiple\040rows}{subsection.9.2}% 84
\BOOKMARK [3][-]{subsubsection.9.2.2}{Point\040tables\040with\040multiple\040columns}{subsection.9.2}% 85
\BOOKMARK [2][-]{subsection.9.3}{Table\040entries\040as\040clickable\040links}{section.9}% 86
\BOOKMARK [2][-]{subsection.9.4}{Grading\040ranges,\040partial\040grading\040tables,\040and\040partial\040point\040tables}{section.9}% 87
\BOOKMARK [3][-]{subsubsection.9.4.1}{Partial\040grading\040tables\040and\040partial\040point\040tables\040with\040multiple\040rows}{subsection.9.4}% 88
\BOOKMARK [3][-]{subsubsection.9.4.2}{Partial\040grading\040tables\040and\040partial\040point\040tables\040with\040multiple\040columns}{subsection.9.4}% 89
\BOOKMARK [2][-]{subsection.9.5}{pointsofquestion}{section.9}% 90
\BOOKMARK [2][-]{subsection.9.6}{pointsonpage}{section.9}% 91
\BOOKMARK [2][-]{subsection.9.7}{Bonus\040grading\040tables\040and\040bonus\040point\040tables}{section.9}% 92
\BOOKMARK [2][-]{subsection.9.8}{Combined\040grading\040tables\040and\040combined\040point\040tables}{section.9}% 93
\BOOKMARK [2][-]{subsection.9.9}{Changing\040the\040total\040points\040in\040a\040table}{section.9}% 94
\BOOKMARK [2][-]{subsection.9.10}{Customizing\040the\040tables}{section.9}% 95
\BOOKMARK [1][-]{section.10}{Changing\040the\040page\040margins}{}% 96
\BOOKMARK [1][-]{section.11}{Headers\040and\040footers}{}% 97
\BOOKMARK [2][-]{subsection.11.1}{Page\040styles:\040Headers\040and/or\040footers}{section.11}% 98
\BOOKMARK [2][-]{subsection.11.2}{The\040three\040parts\040of\040the\040header}{section.11}% 99
\BOOKMARK [3][-]{subsubsection.11.2.1}{Using\040header,\040firstpageheader\040and\040runningheader}{subsection.11.2}% 100
\BOOKMARK [3][-]{subsubsection.11.2.2}{Using\040lhead,\040chead\040and\040rhead}{subsection.11.2}% 101
\BOOKMARK [2][-]{subsection.11.3}{The\040three\040parts\040of\040the\040footer}{section.11}% 102
\BOOKMARK [3][-]{subsubsection.11.3.1}{Using\040footer,\040firstpagefooter\040and\040runningfooter}{subsection.11.3}% 103
\BOOKMARK [3][-]{subsubsection.11.3.2}{Using\040lfoot,\040cfoot,\040and\040rfoot}{subsection.11.3}% 104
\BOOKMARK [2][-]{subsection.11.4}{Leaving\040extra\040room\040for\040multiple\040line\040headers\040and\040footers}{section.11}% 105
\BOOKMARK [2][-]{subsection.11.5}{Horizontal\040rules}{section.11}% 106
\BOOKMARK [2][-]{subsection.11.6}{Listing\040the\040number\040of\040pages\040in\040the\040exam}{section.11}% 107
\BOOKMARK [2][-]{subsection.11.7}{Treating\040the\040last\040page\040differently}{section.11}% 108
\BOOKMARK [2][-]{subsection.11.8}{Treating\040odd\040and\040even\040numbered\040pages\040differently}{section.11}% 109
\BOOKMARK [2][-]{subsection.11.9}{Questions\040that\040span\040multiple\040pages}{section.11}% 110
\BOOKMARK [3][-]{subsubsection.11.9.1}{Questions\040continuing\040from\040the\040previous\040page}{subsection.11.9}% 111
\BOOKMARK [3][-]{subsubsection.11.9.2}{Questions\040that\040continue\040onto\040a\040later\040page}{subsection.11.9}% 112
\BOOKMARK [2][-]{subsection.11.10}{Examples}{section.11}% 113
\BOOKMARK [3][-]{subsubsection.11.10.1}{Example:}{subsection.11.10}% 114
\BOOKMARK [3][-]{subsubsection.11.10.2}{Example:}{subsection.11.10}% 115
\BOOKMARK [3][-]{subsubsection.11.10.3}{Example:}{subsection.11.10}% 116
\BOOKMARK [3][-]{subsubsection.11.10.4}{Example:}{subsection.11.10}% 117
\BOOKMARK [3][-]{subsubsection.11.10.5}{Example:}{subsection.11.10}% 118
\BOOKMARK [3][-]{subsubsection.11.10.6}{Example:}{subsection.11.10}% 119
\BOOKMARK [3][-]{subsubsection.11.10.7}{Example:}{subsection.11.10}% 120
\BOOKMARK [3][-]{subsubsection.11.10.8}{Example:}{subsection.11.10}% 121
\BOOKMARK [1][-]{section.12}{Cover\040pages}{}% 122
\BOOKMARK [2][-]{subsection.12.1}{Headers\040and\040footers}{section.12}% 123
\BOOKMARK [2][-]{subsection.12.2}{Listing\040the\040number\040of\040cover\040pages}{section.12}% 124
