This is XeTeX, Version 3.14159265-2.6-0.99996 (MiKTeX 2.9.6100 64-bit) (preloaded format=xelatex 2016.12.9)  11 AUG 2017 00:53
entering extended mode
**./examdoc.tex
(examdoc.tex
LaTeX2e <2016/03/31> patch level 3
Babel <3.9r> and hyphenation patterns for 75 language(s) loaded.
(exam.cls
Document Class: exam 2015/05/07 Version 2.5 by Philip Hirschhorn
("C:\Program Files\MiKTeX 2.9\tex\latex\base\ifthen.sty"
Package: ifthen 2014/09/29 v1.1c Standard LaTeX ifthen package (DPC)
)
("C:\Program Files\MiKTeX 2.9\tex\latex\base\article.cls"
Document Class: article 2014/09/29 v1.4h Standard LaTeX document class
("C:\Program Files\MiKTeX 2.9\tex\latex\base\size12.clo"
File: size12.clo 2014/09/29 v1.4h Standard LaTeX file (size option)
)
\c@part=\count79
\c@section=\count80
\c@subsection=\count81
\c@subsubsection=\count82
\c@paragraph=\count83
\c@subparagraph=\count84
\c@figure=\count85
\c@table=\count86
\abovecaptionskip=\skip41
\belowcaptionskip=\skip42
\bibindent=\dimen102
)
\@extrawidth=\skip43
\@rightmargin=\skip44
\@extrahead=\skip45
\@extrafoot=\skip46
\run@exhd=\skip47
\fp@exhd=\skip48
\run@exft=\skip49
\fp@exft=\skip50
\covrun@exhd=\skip51
\covfp@exhd=\skip52
\covrun@exft=\skip53
\covfp@exft=\skip54
\c@num@coverpages=\count87
\c@latest@ques=\count88
\c@ques@end=\count89
\c@last@object=\count90
\c@incmp@ques=\count91
\c@next@ques=\count92
\c@next@page=\count93
\c@tmp@hlfcntr=\count94
\c@ifpos@cntr=\count95
\c@question=\count96
\c@partno=\count97
\c@subpart=\count98
\c@subsubpart=\count99
\c@choice=\count100
\c@numpoints=\count101
\c@numbonuspoints=\count102
\c@pointsof@thisquestion=\count103
\c@bonuspointsof@thisquestion=\count104
\c@numquestions=\count105
\c@numparts=\count106
\c@numsubparts=\count107
\c@numsubsubparts=\count108
\c@Curr@Page=\count109
\c@@pagepoints=\count110
\c@@pagebonuspoints=\count111
\c@pageof@pagepoints=\count112
\c@pageof@pagebonuspoints=\count113
\c@latest@points=\count114
\c@latest@bonuspoints=\count115
\pageinfo@commands=\toks14
\temp@toks=\toks15
\pagepoint@commands=\toks16
\point@toks=\toks17
\c@ques@object=\count116
\marginpointssep=\skip55
\rightpointsmargin=\skip56
\choice@toks=\toks18
\answerlinelength=\skip57
\answerskip=\skip58
\answerclearance=\skip59
\fillinlinelength=\skip60
\linefillheight=\skip61
\linefillthickness=\skip62
\dottedlinefillheight=\skip63
\gridsize=\skip64
\gridlinewidth=\skip65
\minboxheight=\skip66
\c@@iterator=\count117
\@cellwidth=\skip67
\c@tbl@points=\count118
\c@tbl@bonuspoints=\count119
\c@num@cols=\count120
\exam@box=\box26
\saved@totalleftmargin=\dimen103
\@sollistdepth=\count121
\FrameRule=\dimen104
\FrameSep=\dimen105
)
("C:\Program Files\MiKTeX 2.9\tex\latex\amsfonts\amssymb.sty"
Package: amssymb 2013/01/14 v3.01 AMS font symbols

("C:\Program Files\MiKTeX 2.9\tex\latex\amsfonts\amsfonts.sty"
Package: amsfonts 2013/01/14 v3.01 Basic AMSFonts support
\@emptytoks=\toks19
\symAMSa=\mathgroup4
\symAMSb=\mathgroup5
LaTeX Font Info:    Overwriting math alphabet `\mathfrak' in version `bold'
(Font)                  U/euf/m/n --> U/euf/b/n on input line 106.
))
("C:\Program Files\MiKTeX 2.9\tex\latex\base\makeidx.sty"
Package: makeidx 2014/09/29 v1.0m Standard LaTeX package
)
("C:\Program Files\MiKTeX 2.9\tex\latex\hyperref\hyperref.sty"
Package: hyperref 2016/06/24 v6.83q Hypertext links for LaTeX

("C:\Program Files\MiKTeX 2.9\tex\generic\oberdiek\hobsub-hyperref.sty"
Package: hobsub-hyperref 2016/05/16 v1.14 Bundle oberdiek, subset hyperref (HO)


("C:\Program Files\MiKTeX 2.9\tex\generic\oberdiek\hobsub-generic.sty"
Package: hobsub-generic 2016/05/16 v1.14 Bundle oberdiek, subset generic (HO)
Package: hobsub 2016/05/16 v1.14 Construct package bundles (HO)
Package: infwarerr 2016/05/16 v1.4 Providing info/warning/error messages (HO)
Package: ltxcmds 2016/05/16 v1.23 LaTeX kernel commands for general use (HO)
Package: ifluatex 2016/05/16 v1.4 Provides the ifluatex switch (HO)
Package ifluatex Info: LuaTeX not detected.
Package: ifvtex 2016/05/16 v1.6 Detect VTeX and its facilities (HO)
Package ifvtex Info: VTeX not detected.
Package: intcalc 2016/05/16 v1.2 Expandable calculations with integers (HO)
Package: ifpdf 2016/05/14 v3.1 Provides the ifpdf switch
Package: etexcmds 2016/05/16 v1.6 Avoid name clashes with e-TeX commands (HO)
Package etexcmds Info: Could not find \expanded.
(etexcmds)             That can mean that you are not using pdfTeX 1.50 or
(etexcmds)             that some package has redefined \expanded.
(etexcmds)             In the latter case, load this package earlier.
Package: kvsetkeys 2016/05/16 v1.17 Key value parser (HO)
Package: kvdefinekeys 2016/05/16 v1.4 Define keys (HO)
Package: pdftexcmds 2016/05/21 v0.22 Utility functions of pdfTeX for LuaTeX (HO
)
Package pdftexcmds Info: LuaTeX not detected.
Package pdftexcmds Info: pdfTeX >= 1.30 not detected.
Package pdftexcmds Info: \pdf@primitive is available.
Package pdftexcmds Info: \pdf@ifprimitive is available.
Package pdftexcmds Info: \pdfdraftmode not found.
Package: pdfescape 2016/05/16 v1.14 Implements pdfTeX's escape features (HO)
Package: bigintcalc 2016/05/16 v1.4 Expandable calculations on big integers (HO
)
Package: bitset 2016/05/16 v1.2 Handle bit-vector datatype (HO)
Package: uniquecounter 2016/05/16 v1.3 Provide unlimited unique counter (HO)
)
Package hobsub Info: Skipping package `hobsub' (already loaded).
Package: letltxmacro 2016/05/16 v1.5 Let assignment for LaTeX macros (HO)
Package: hopatch 2016/05/16 v1.3 Wrapper for package hooks (HO)
Package: xcolor-patch 2016/05/16 xcolor patch
Package: atveryend 2016/05/16 v1.9 Hooks at the very end of document (HO)
Package atveryend Info: \enddocument detected (standard20110627).
Package: atbegshi 2016/06/09 v1.18 At begin shipout hook (HO)
Package: refcount 2016/05/16 v3.5 Data extraction from label references (HO)
Package: hycolor 2016/05/16 v1.8 Color options for hyperref/bookmark (HO)
)
("C:\Program Files\MiKTeX 2.9\tex\latex\graphics\keyval.sty"
Package: keyval 2014/10/28 v1.15 key=value parser (DPC)
\KV@toks@=\toks20
)
("C:\Program Files\MiKTeX 2.9\tex\generic\ifxetex\ifxetex.sty"
Package: ifxetex 2010/09/12 v0.6 Provides ifxetex conditional
)
("C:\Program Files\MiKTeX 2.9\tex\latex\oberdiek\auxhook.sty"
Package: auxhook 2016/05/16 v1.4 Hooks for auxiliary files (HO)
)
("C:\Program Files\MiKTeX 2.9\tex\latex\oberdiek\kvoptions.sty"
Package: kvoptions 2016/05/16 v3.12 Key value format for package options (HO)
)
\@linkdim=\dimen106
\Hy@linkcounter=\count122
\Hy@pagecounter=\count123

("C:\Program Files\MiKTeX 2.9\tex\latex\hyperref\pd1enc.def"
File: pd1enc.def 2016/06/24 v6.83q Hyperref: PDFDocEncoding definition (HO)
)
\Hy@SavedSpaceFactor=\count124

("C:\Program Files\MiKTeX 2.9\tex\latex\00miktex\hyperref.cfg"
File: hyperref.cfg 2002/06/06 v1.2 hyperref configuration of TeXLive
)
Package hyperref Info: Option `colorlinks' set `true' on input line 4362.
Package hyperref Info: Hyper figures OFF on input line 4486.
Package hyperref Info: Link nesting OFF on input line 4491.
Package hyperref Info: Hyper index ON on input line 4494.
Package hyperref Info: Plain pages OFF on input line 4501.
Package hyperref Info: Backreferencing OFF on input line 4506.
Package hyperref Info: Implicit mode ON; LaTeX internals redefined.
Package hyperref Info: Bookmarks ON on input line 4735.
\c@Hy@tempcnt=\count125

("C:\Program Files\MiKTeX 2.9\tex\latex\url\url.sty"
\Urlmuskip=\muskip10
Package: url 2013/09/16  ver 3.4  Verb mode for urls, etc.
)
LaTeX Info: Redefining \url on input line 5088.
\XeTeXLinkMargin=\dimen107
\Fld@menulength=\count126
\Field@Width=\dimen108
\Fld@charsize=\dimen109
Package hyperref Info: Hyper figures OFF on input line 6342.
Package hyperref Info: Link nesting OFF on input line 6347.
Package hyperref Info: Hyper index ON on input line 6350.
Package hyperref Info: backreferencing OFF on input line 6357.
Package hyperref Info: Link coloring ON on input line 6360.
Package hyperref Info: Link coloring with OCG OFF on input line 6367.
Package hyperref Info: PDF/A mode OFF on input line 6372.
LaTeX Info: Redefining \ref on input line 6412.
LaTeX Info: Redefining \pageref on input line 6416.
\Hy@abspage=\count127
\c@Item=\count128
\c@Hfootnote=\count129
)

Package hyperref Message: Driver (autodetected): hxetex.

("C:\Program Files\MiKTeX 2.9\tex\latex\hyperref\hxetex.def"
File: hxetex.def 2016/06/24 v6.83q Hyperref driver for XeTeX

("C:\Program Files\MiKTeX 2.9\tex\latex\hyperref\puenc.def"
File: puenc.def 2016/06/24 v6.83q Hyperref: PDF Unicode definition (HO)
)
("C:\Program Files\MiKTeX 2.9\tex\generic\oberdiek\stringenc.sty"
Package: stringenc 2016/05/16 v1.11 Convert strings between diff. encodings (HO
)
)
\pdfm@box=\box27
\c@Hy@AnnotLevel=\count130
\HyField@AnnotCount=\count131
\Fld@listcount=\count132
\c@bookmark@seq@number=\count133

("C:\Program Files\MiKTeX 2.9\tex\latex\oberdiek\rerunfilecheck.sty"
Package: rerunfilecheck 2016/05/16 v1.8 Rerun checks for auxiliary files (HO)
Package rerunfilecheck Info: Feature \pdfmdfivesum is not available
(rerunfilecheck)             (e.g. pdfTeX or LuaTeX with package `pdftexcmds').

(rerunfilecheck)             Therefore file contents cannot be checked efficien
tly
(rerunfilecheck)             and the loading of the package is aborted.
)
\Hy@SectionHShift=\skip68
)
\@indexfile=\write3
\openout3 = `examdoc.idx'.


Writing index file examdoc.idx
No file examdoc.aux.
\openout1 = `examdoc.aux'.

LaTeX Font Info:    Checking defaults for OML/cmm/m/it on input line 122.
LaTeX Font Info:    ... okay on input line 122.
LaTeX Font Info:    Checking defaults for T1/cmr/m/n on input line 122.
LaTeX Font Info:    ... okay on input line 122.
LaTeX Font Info:    Checking defaults for OT1/cmr/m/n on input line 122.
LaTeX Font Info:    ... okay on input line 122.
LaTeX Font Info:    Checking defaults for OMS/cmsy/m/n on input line 122.
LaTeX Font Info:    ... okay on input line 122.
LaTeX Font Info:    Checking defaults for OMX/cmex/m/n on input line 122.
LaTeX Font Info:    ... okay on input line 122.
LaTeX Font Info:    Checking defaults for U/cmr/m/n on input line 122.
LaTeX Font Info:    ... okay on input line 122.
LaTeX Font Info:    Checking defaults for PD1/pdf/m/n on input line 122.
LaTeX Font Info:    ... okay on input line 122.
LaTeX Font Info:    Checking defaults for PU/pdf/m/n on input line 122.
LaTeX Font Info:    ... okay on input line 122.
\AtBeginShipoutBox=\box28
("C:\Program Files\MiKTeX 2.9\tex\latex\graphics\color.sty"
Package: color 2016/07/10 v1.1e Standard LaTeX Color (DPC)

("C:\Program Files\MiKTeX 2.9\tex\latex\graphics-cfg\color.cfg"
File: color.cfg 2016/01/02 v1.6 sample color configuration
)
Package color Info: Driver file: xetex.def on input line 147.

("C:\Program Files\MiKTeX 2.9\tex\latex\graphics-def\xetex.def"
File: xetex.def 2016/07/11 v4.10 LaTeX color/graphics driver for XeTeX (L3/RRM/
JK)
))
Package hyperref Info: Link coloring ON on input line 122.

("C:\Program Files\MiKTeX 2.9\tex\latex\hyperref\nameref.sty"
Package: nameref 2016/05/21 v2.44 Cross-referencing by name of section

("C:\Program Files\MiKTeX 2.9\tex\generic\oberdiek\gettitlestring.sty"
Package: gettitlestring 2016/05/16 v1.5 Cleanup title references (HO)
)
\c@section@level=\count134
)
LaTeX Info: Redefining \ref on input line 122.
LaTeX Info: Redefining \pageref on input line 122.
LaTeX Info: Redefining \nameref on input line 122.
\@outlinefile=\write4
\openout4 = `examdoc.out'.



Package hyperref Warning: Rerun to get /PageLabels entry.

LaTeX Font Info:    Try loading font information for U+msa on input line 138.
("C:\Program Files\MiKTeX 2.9\tex\latex\amsfonts\umsa.fd"
File: umsa.fd 2013/01/14 v3.01 AMS symbols A
)
LaTeX Font Info:    Try loading font information for U+msb on input line 138.

("C:\Program Files\MiKTeX 2.9\tex\latex\amsfonts\umsb.fd"
File: umsb.fd 2013/01/14 v3.01 AMS symbols B
)
LaTeX Font Info:    Try loading font information for OMS+cmr on input line 138.


("C:\Program Files\MiKTeX 2.9\tex\latex\base\omscmr.fd"
File: omscmr.fd 2014/09/29 v2.5h Standard LaTeX font definitions
)
LaTeX Font Info:    Font shape `OMS/cmr/m/n' in size <14.4> not available
(Font)              Font shape `OMS/cmsy/m/n' tried instead on input line 138.
\tf@toc=\write5
\openout5 = `examdoc.toc'.


("C:\Program Files\MiKTeX 2.9\tex\generic\oberdiek\se-ascii-print.def"
File: se-ascii-print.def 2016/05/16 v1.11 stringenc: Printable ASCII characters

)
LaTeX Font Info:    Font shape `OMS/cmr/m/n' in size <12> not available
(Font)              Font shape `OMS/cmsy/m/n' tried instead on input line 158.


LaTeX Warning: Reference `sec:Questions' on page 1 undefined on input line 160.



LaTeX Warning: Reference `sec:parts' on page 1 undefined on input line 160.


LaTeX Warning: Reference `sec:points' on page 1 undefined on input line 166.


LaTeX Warning: Reference `sec:addup' on page 1 undefined on input line 170.


LaTeX Warning: Reference `sec:pointsofq' on page 1 undefined on input line 171.



LaTeX Warning: Reference `sec:pointsonp' on page 1 undefined on input line 171.



LaTeX Warning: Reference `sec:GradeTables' on page 1 undefined on input line 17
4.


LaTeX Warning: Reference `sec:header' on page 1 undefined on input line 178.

[1

]

LaTeX Warning: Reference `sec:footer' on page 2 undefined on input line 180.


LaTeX Warning: Reference `sec:runningheader' on page 2 undefined on input line 
182.


LaTeX Warning: Reference `sec:lhead' on page 2 undefined on input line 183.


LaTeX Warning: Reference `sec:runningfooter' on page 2 undefined on input line 
183.


LaTeX Warning: Reference `sec:lfoot' on page 2 undefined on input line 183.


LaTeX Warning: Reference `sec:extra-room' on page 2 undefined on input line 189
.


LaTeX Warning: Reference `sec:numpages' on page 2 undefined on input line 191.


LaTeX Warning: Reference `sec:lastpage' on page 2 undefined on input line 193.


LaTeX Warning: Reference `sec:QuesSpan' on page 2 undefined on input line 202.


LaTeX Warning: Reference `sec:rules' on page 2 undefined on input line 204.


LaTeX Warning: Reference `sec:coverpages' on page 2 undefined on input line 208
.


LaTeX Warning: Reference `sec:solutions' on page 2 undefined on input line 212.



LaTeX Warning: Reference `sec:CorrectChoice' on page 2 undefined on input line 
213.


LaTeX Warning: Reference `sec:AnsShortAns' on page 2 undefined on input line 21
3.


Overfull \hbox (1.18102pt too wide) in paragraph at lines 225--235
\OT1/cmr/m/n/12 sion. The lat-est ver-sion of this li-cense is in []\OT1/cmtt/m
/n/12 http://www.latex-project.org/lppl.txt
 []

[2]
LaTeX Font Info:    Font shape `OT1/cmtt/bx/n' in size <14.4> not available
(Font)              Font shape `OT1/cmtt/m/n' tried instead on input line 250.


LaTeX Warning: Reference `sec:Documentclass' on page 3 undefined on input line 
263.


LaTeX Warning: Reference `sec:BasicSpace' on page 3 undefined on input line 270
.


LaTeX Warning: Reference `sec:LeaveSpace' on page 3 undefined on input line 270
.


LaTeX Warning: Reference `sec:Questions' on page 3 undefined on input line 290.


[3]

LaTeX Warning: Reference `sec:BasicName' on page 4 undefined on input line 316.



LaTeX Warning: Reference `sec:points' on page 4 undefined on input line 367.

[4]

LaTeX Warning: Reference `sec:parts' on page 5 undefined on input line 379.

[5] [6]

LaTeX Warning: Reference `sec:LeaveSpace' on page 7 undefined on input line 513
.

[7]

LaTeX Warning: Reference `sec:beginexamples' on page 8 undefined on input line 
592.


LaTeX Warning: Reference `sec:endexamples' on page 8 undefined on input line 59
2.


LaTeX Warning: Reference `sec:pagestyle' on page 8 undefined on input line 595.



LaTeX Warning: Reference `sec:QuesSpan' on page 8 undefined on input line 595.

LaTeX Font Info:    Font shape `OT1/cmtt/bx/n' in size <17.28> not available
(Font)              Font shape `OT1/cmtt/m/n' tried instead on input line 602.

LaTeX Warning: Reference `sec:addpoints' on page 8 undefined on input line 620.



LaTeX Warning: Reference `sec:answers' on page 8 undefined on input line 622.


LaTeX Warning: Reference `sec:addup' on page 8 undefined on input line 639.


LaTeX Warning: Reference `sec:Count' on page 8 undefined on input line 639.


LaTeX Warning: Reference `sec:pointsofq' on page 8 undefined on input line 639.



LaTeX Warning: Reference `sec:pointsonp' on page 8 undefined on input line 640.



LaTeX Warning: Reference `sec:GradeTables' on page 8 undefined on input line 64
1.


LaTeX Warning: Reference `sec:PointTables' on page 8 undefined on input line 64
1.


LaTeX Warning: Reference `sec:points' on page 8 undefined on input line 647.


LaTeX Warning: Reference `sec:Half' on page 8 undefined on input line 651.

[8]

LaTeX Warning: Reference `sec:solutions' on page 9 undefined on input line 669.



LaTeX Warning: Reference `sec:CorrectChoice' on page 9 undefined on input line 
669.


LaTeX Warning: Reference `sec:AnsShortAns' on page 9 undefined on input line 67
0.


LaTeX Warning: Reference `sec:solutions' on page 9 undefined on input line 687.



Overfull \hbox (4.21364pt too wide) in paragraph at lines 685--689
\OT1/cmr/m/n/12 Using the doc-u-ment class op-tion []\OT1/cmtt/m/n/12 answers \
OT1/cmr/m/n/12 is equiv-a-lent to giv-ing the com-mand []\OT1/cmtt/m/n/12 \prin
tanswers[]
 []


LaTeX Warning: Reference `sec:solutions' on page 9 undefined on input line 701.



LaTeX Warning: Reference `sec:MulChc' on page 9 undefined on input line 707.


LaTeX Warning: Reference `sec:CorrectChoice' on page 9 undefined on input line 
709.


LaTeX Warning: Reference `sec:ShortAns' on page 9 undefined on input line 715.


LaTeX Warning: Reference `sec:AnsShortAns' on page 9 undefined on input line 71
7.

[9]

LaTeX Warning: Reference `sec:Questions' on page 10 undefined on input line 730
.


LaTeX Warning: Reference `sec:points' on page 10 undefined on input line 733.


LaTeX Warning: Reference `sec:Half' on page 10 undefined on input line 735.


LaTeX Warning: Reference `sec:parts' on page 10 undefined on input line 741.


LaTeX Warning: Reference `sec:points' on page 10 undefined on input line 744.


LaTeX Warning: Reference `sec:parts' on page 10 undefined on input line 746.


LaTeX Warning: Reference `sec:whereprint' on page 10 undefined on input line 75
1.


LaTeX Warning: Reference `sec:DrpPts' on page 10 undefined on input line 752.


LaTeX Warning: Reference `sec:Boxed' on page 10 undefined on input line 753.


LaTeX Warning: Reference `sec:pointname' on page 10 undefined on input line 753
.


LaTeX Warning: Reference `sec:margins' on page 10 undefined on input line 754.


LaTeX Warning: Reference `sec:pointformat' on page 10 undefined on input line 7
54.


LaTeX Warning: Reference `sec:Bonus' on page 10 undefined on input line 757.

[10] [11] [12] [13]

LaTeX Warning: Reference `sec:CustNumb' on page 14 undefined on input line 1039
.


LaTeX Warning: Reference `sec:whereprint' on page 14 undefined on input line 10
59.


LaTeX Warning: Reference `sec:DrpPts' on page 14 undefined on input line 1059.


LaTeX Warning: Reference `sec:Boxed' on page 14 undefined on input line 1061.


LaTeX Warning: Reference `sec:qformat' on page 14 undefined on input line 1064.



LaTeX Warning: Reference `sec:pointformat' on page 14 undefined on input line 1
064.

[14]

LaTeX Warning: Reference `sec:DrpPts' on page 15 undefined on input line 1087.


LaTeX Warning: Reference `sec:pointname' on page 15 undefined on input line 113
1.

[15]

LaTeX Warning: Reference `sec:pointname' on page 16 undefined on input line 115
6.


LaTeX Warning: Reference `sec:qformat' on page 16 undefined on input line 1211.



LaTeX Warning: Reference `sec:pointname' on page 16 undefined on input line 122
9.

[16] [17] [18]

LaTeX Warning: Reference `sec:pointname' on page 19 undefined on input line 149
3.


LaTeX Warning: Reference `sec:whereprint' on page 19 undefined on input line 15
09.


LaTeX Warning: Reference `sec:Boxed' on page 19 undefined on input line 1509.

[19] [20]

LaTeX Warning: Reference `sec:Bonus' on page 21 undefined on input line 1587.

LaTeX Font Info:    Font shape `OT1/cmtt/bx/n' in size <12> not available
(Font)              Font shape `OT1/cmtt/m/n' tried instead on input line 1620.


LaTeX Warning: Reference `sec:Boxed' on page 21 undefined on input line 1647.

[21]

LaTeX Warning: Reference `sec:pointname' on page 22 undefined on input line 169
1.


LaTeX Warning: Reference `sec:pagesize' on page 22 undefined on input line 1705
.


LaTeX Warning: Reference `sec:Boxed' on page 22 undefined on input line 1712.


LaTeX Warning: Reference `sec:pointname' on page 22 undefined on input line 171
3.


LaTeX Warning: Reference `sec:qformat' on page 22 undefined on input line 1717.



LaTeX Warning: Reference `sec:Bonus' on page 22 undefined on input line 1729.

[22]

LaTeX Warning: Reference `sec:pointname' on page 23 undefined on input line 174
7.


LaTeX Warning: Reference `sec:pointname' on page 23 undefined on input line 175
7.

[23]

LaTeX Warning: Reference `sec:parts' on page 24 undefined on input line 1872.


LaTeX Warning: Reference `sec:whereprint' on page 24 undefined on input line 18
79.

[24]

LaTeX Warning: Reference `sec:addpoints' on page 25 undefined on input line 192
6.


LaTeX Warning: Reference `sec:adding' on page 25 undefined on input line 1933.


LaTeX Warning: Reference `sec:pointname' on page 25 undefined on input line 195
3.


LaTeX Warning: Reference `sec:Bonus' on page 25 undefined on input line 1956.


LaTeX Warning: Reference `sec:Bonus' on page 25 undefined on input line 1977.


LaTeX Warning: Reference `sec:pointsofq' on page 25 undefined on input line 199
8.

[25] [26]

LaTeX Warning: Reference `sec:BonusTables' on page 27 undefined on input line 2
135.


LaTeX Warning: Reference `sec:margins' on page 27 undefined on input line 2172.


[27]

LaTeX Warning: Reference `sec:questiontitle' on page 28 undefined on input line
 2203.


LaTeX Warning: Reference `sec:TitledQues' on page 28 undefined on input line 22
07.


LaTeX Warning: Reference `sec:pointname' on page 28 undefined on input line 221
9.


LaTeX Warning: Reference `sec:addup' on page 28 undefined on input line 2223.


LaTeX Warning: Reference `sec:pointsofq' on page 28 undefined on input line 222
6.

[28]

LaTeX Warning: Reference `sec:Bonus' on page 29 undefined on input line 2274.


LaTeX Warning: Reference `sec:CustList' on page 29 undefined on input line 2284
.


LaTeX Warning: Reference `sec:addup' on page 29 undefined on input line 2296.


LaTeX Warning: Reference `sec:addpoints' on page 29 undefined on input line 230
6.


Overfull \hbox (1.63304pt too wide) in paragraph at lines 2303--2308
\OT1/cmr/m/n/12 (you must have used the doc-u-ment class op-tion []\OT1/cmtt/m/
n/12 addpoints[] \OT1/cmr/m/n/12 or given the com-mand []\OT1/cmtt/m/n/12 \addp
oints[]
 []

[29]

LaTeX Warning: Reference `sec:addup' on page 30 undefined on input line 2337.


LaTeX Warning: Reference `sec:TitledQues' on page 30 undefined on input line 23
45.


LaTeX Warning: Reference `sec:GradeTables' on page 30 undefined on input line 2
348.


LaTeX Warning: Reference `sec:PointTables' on page 30 undefined on input line 2
348.


LaTeX Warning: Reference `sec:qformat' on page 30 undefined on input line 2349.



LaTeX Warning: Reference `sec:questiontitle' on page 30 undefined on input line
 2352.


LaTeX Warning: Reference `sec:questiontitle' on page 30 undefined on input line
 2379.


LaTeX Warning: Reference `sec:GradeTables' on page 30 undefined on input line 2
382.


LaTeX Warning: Reference `sec:questiontitle' on page 30 undefined on input line
 2385.

[30]

LaTeX Warning: Reference `sec:qformat' on page 31 undefined on input line 2410.



LaTeX Warning: Reference `sec:qformat' on page 31 undefined on input line 2465.



LaTeX Warning: Reference `sec:qformat' on page 31 undefined on input line 2472.


[31]

LaTeX Warning: Reference `sec:GradeTables' on page 32 undefined on input line 2
489.


LaTeX Warning: Reference `sec:PointTables' on page 32 undefined on input line 2
490.


LaTeX Warning: Reference `sec:PartialTable' on page 32 undefined on input line 
2491.


LaTeX Warning: Reference `sec:BonusTables' on page 32 undefined on input line 2
495.


LaTeX Warning: Reference `sec:CombinedTables' on page 32 undefined on input lin
e 2495.


LaTeX Warning: Reference `sec:addup' on page 32 undefined on input line 2498.


LaTeX Warning: Reference `sec:pointsofq' on page 32 undefined on input line 250
3.


LaTeX Warning: Reference `sec:pointsonp' on page 32 undefined on input line 250
5.


LaTeX Warning: Reference `sec:BonusTables' on page 32 undefined on input line 2
509.


Overfull \hbox (8.15329pt too wide) in paragraph at lines 2501--2510
[]\OT1/cmr/m/n/12 the points are not counted by the []\OT1/cmtt/m/n/12 \pointso
fquestion[] \OT1/cmr/m/n/12 (see sec-tion []) or []\OT1/cmtt/m/n/12 \pointsonpa
ge[]
 []


LaTeX Warning: Reference `sec:Count' on page 32 undefined on input line 2512.


LaTeX Warning: Reference `sec:Count' on page 32 undefined on input line 2514.


LaTeX Warning: Reference `sec:pointname' on page 32 undefined on input line 253
4.

[32]

LaTeX Warning: Reference `sec:pointname' on page 33 undefined on input line 256
3.


LaTeX Warning: Reference `sec:addup' on page 33 undefined on input line 2579.


LaTeX Warning: Reference `sec:Tables' on page 33 undefined on input line 2612.


LaTeX Warning: Reference `sec:addpoints' on page 33 undefined on input line 261
6.


LaTeX Warning: Reference `sec:Bonus' on page 33 undefined on input line 2618.

[33]

LaTeX Warning: Reference `sec:Half' on page 34 undefined on input line 2644.


LaTeX Warning: Reference `sec:pointname' on page 34 undefined on input line 265
6.


LaTeX Warning: Reference `sec:GradeTables' on page 34 undefined on input line 2
669.


LaTeX Warning: Reference `sec:PointTables' on page 34 undefined on input line 2
670.


LaTeX Warning: Reference `sec:pointsofq' on page 34 undefined on input line 267
1.


LaTeX Warning: Reference `sec:pointsonp' on page 34 undefined on input line 267
2.

[34]

LaTeX Warning: Reference `ques:first' on page 35 undefined on input line 2714.


LaTeX Warning: Reference `ques:second' on page 35 undefined on input line 2715.



LaTeX Warning: Reference `part:good' on page 35 undefined on input line 2716.


LaTeX Warning: Reference `part:bad' on page 35 undefined on input line 2716.

[35] [36]

LaTeX Warning: Reference `sec:qformat' on page 37 undefined on input line 2934.



LaTeX Warning: Reference `sec:Bonus' on page 37 undefined on input line 2936.

[37]

LaTeX Warning: Reference `sec:CustNumb' on page 38 undefined on input line 2964
.


LaTeX Warning: Reference `sec:choices' on page 38 undefined on input line 2969.



LaTeX Warning: Reference `sec:oneparchoices' on page 38 undefined on input line
 2976.


LaTeX Warning: Reference `sec:ShortAns' on page 38 undefined on input line 2981
.


LaTeX Warning: Reference `sec:AnsShortAns' on page 38 undefined on input line 2
985.


LaTeX Warning: Reference `sec:checkboxes' on page 38 undefined on input line 29
94.


LaTeX Warning: Reference `sec:oneparcheckboxes' on page 38 undefined on input l
ine 3001.


LaTeX Warning: Reference `sec:CorrectChoice' on page 38 undefined on input line
 3007.

[38]

LaTeX Warning: Reference `sec:choices' on page 39 undefined on input line 3073.



LaTeX Warning: Reference `sec:ShortAns' on page 39 undefined on input line 3120
.

[39]

LaTeX Warning: Reference `sec:choices' on page 40 undefined on input line 3154.



LaTeX Warning: Reference `sec:MulChceCust' on page 40 undefined on input line 3
175.


LaTeX Warning: Reference `sec:choices' on page 40 undefined on input line 3188.



LaTeX Warning: Reference `sec:MulChceCust' on page 40 undefined on input line 3
232.


LaTeX Warning: Reference `sec:solutions' on page 40 undefined on input line 325
1.


LaTeX Warning: Reference `sec:answers' on page 40 undefined on input line 3256.



LaTeX Warning: Reference `sec:choices' on page 40 undefined on input line 3258.



LaTeX Warning: Reference `sec:oneparcheckboxes' on page 40 undefined on input l
ine 3258.

[40]

LaTeX Warning: Reference `sec:MulChceCust' on page 41 undefined on input line 3
272.

[41]

LaTeX Warning: Reference `sec:CustFillin' on page 42 undefined on input line 33
48.

[42] [43]

LaTeX Warning: Reference `sec:ShortAns' on page 44 undefined on input line 3475
.


LaTeX Warning: Reference `sec:MulChceCust' on page 44 undefined on input line 3
486.


Overfull \hbox (1.99628pt too wide) in paragraph at lines 3521--3526
\OT1/cmr/m/n/12 your doc-u-ment (i.e., af-ter the []\OT1/cmtt/m/n/12 \documentc
lass \OT1/cmr/m/n/12 com-mand and be-fore the []\OT1/cmtt/m/n/12 \begin{documen
t}\OT1/cmr/m/n/12 ),
 []


Underfull \hbox (badness 1838) in paragraph at lines 3542--3545
[]\OT1/cmr/m/n/12 To avoid con-fu-sion, []\OT1/cmtt/m/n/12 \correctchoiceemphas
is[] \OT1/cmr/m/n/12 is de-fined to be a syn-onym for
 []

[44]
Overfull \hbox (5.9129pt too wide) in paragraph at lines 3561--3566
\OT1/cmr/m/n/12 doc-u-ment (i.e., af-ter the []\OT1/cmtt/m/n/12 \documentclass 
\OT1/cmr/m/n/12 com-mand and be-fore the []\OT1/cmtt/m/n/12 \begin{document}\OT
1/cmr/m/n/12 ),
 []


Overfull \hbox (1.99628pt too wide) in paragraph at lines 3582--3587
\OT1/cmr/m/n/12 your doc-u-ment (i.e., af-ter the []\OT1/cmtt/m/n/12 \documentc
lass \OT1/cmr/m/n/12 com-mand and be-fore the []\OT1/cmtt/m/n/12 \begin{documen
t}\OT1/cmr/m/n/12 ),
 []


LaTeX Warning: Reference `sec:CorrectChoice' on page 45 undefined on input line
 3593.

[45]

LaTeX Warning: Reference `sec:Instructions' on page 46 undefined on input line 
3645.


LaTeX Warning: Reference `sec:Naming' on page 46 undefined on input line 3646.

[46]

LaTeX Warning: Reference `exact-start' on page 47 undefined on input line 3747.



LaTeX Warning: Reference `exact-end' on page 47 undefined on input line 3747.

[47] [48]

LaTeX Warning: Reference `sec:Namefullwidth' on page 49 undefined on input line
 3868.


LaTeX Warning: Reference `sec:NameSection' on page 49 undefined on input line 3
873.


LaTeX Warning: Reference `sec:uplevel' on page 49 undefined on input line 3885.


[49] [50]

LaTeX Warning: Reference `sec:Tables' on page 51 undefined on input line 3979.


LaTeX Warning: Reference `sec:QuesSpan' on page 51 undefined on input line 3982
.


LaTeX Warning: Reference `sec:BlankSpace' on page 51 undefined on input line 40
06.


LaTeX Warning: Reference `sec:EmptyBox' on page 51 undefined on input line 4007
.


LaTeX Warning: Reference `sec:FillLines' on page 51 undefined on input line 400
8.


LaTeX Warning: Reference `sec:FillDotLines' on page 51 undefined on input line 
4010.


LaTeX Warning: Reference `sec:FillGrid' on page 51 undefined on input line 4011
.


LaTeX Warning: Reference `sec:ShortAns' on page 51 undefined on input line 4014
.


LaTeX Warning: Reference `sec:solutions' on page 51 undefined on input line 401
5.

[51]

LaTeX Warning: Reference `sec:SolSpace' on page 52 undefined on input line 4026
.


LaTeX Warning: Reference `sec:SolSpace' on page 52 undefined on input line 4064
.

[52] [53]

LaTeX Warning: Reference `sec:SolSpace' on page 54 undefined on input line 4158
.

[54] [55]

LaTeX Warning: Reference `sec:SolSpace' on page 56 undefined on input line 4269
.


LaTeX Warning: Reference `sec:FillLines' on page 56 undefined on input line 429
3.

[56] [57]

LaTeX Warning: Reference `sec:SolSpace' on page 58 undefined on input line 4374
.

[58] [59]

LaTeX Warning: Reference `sec:SolSpace' on page 60 undefined on input line 4503
.


LaTeX Warning: Reference `sec:pagestyle' on page 60 undefined on input line 451
4.


Overfull \hbox (1.30244pt too wide) in paragraph at lines 4510--4518
\OT1/cmr/m/n/12 make sure you're us-ing ei-ther []\OT1/cmtt/m/n/12 \pagestyle{h
eadandfoot} \OT1/cmr/m/n/12 (the de-fault) or []\OT1/cmtt/m/n/12 \pagestyle{foo
t}
 []

[60] [61]

LaTeX Warning: Reference `sec:answers' on page 62 undefined on input line 4680.


[62]

LaTeX Warning: Reference `sec:CorrectChoice' on page 63 undefined on input line
 4688.

[63]

LaTeX Warning: Reference `sec:answers' on page 64 undefined on input line 4773.



LaTeX Warning: Reference `sec:solutionbox' on page 64 undefined on input line 4
778.


LaTeX Warning: Reference `sec:SolSpace' on page 64 undefined on input line 4781
.


LaTeX Warning: Reference `sec:BlankSpace' on page 64 undefined on input line 48
06.


LaTeX Warning: Reference `sec:EmptyBox' on page 64 undefined on input line 4810
.


LaTeX Warning: Reference `sec:FillLines' on page 64 undefined on input line 481
4.


LaTeX Warning: Reference `sec:FillDotLines' on page 64 undefined on input line 
4818.

[64]

LaTeX Warning: Reference `sec:FillGrid' on page 65 undefined on input line 4822
.


LaTeX Warning: Reference `sec:SolBox' on page 65 undefined on input line 4861.


LaTeX Warning: Reference `sec:shaded' on page 65 undefined on input line 4863.


LaTeX Warning: Reference `sec:SolPlain' on page 65 undefined on input line 4864
.


LaTeX Warning: Reference `sec:shaded' on page 65 undefined on input line 4884.

[65]

LaTeX Warning: Reference `sec:answers' on page 66 undefined on input line 4905.



LaTeX Warning: Reference `sec:uplevel' on page 66 undefined on input line 4936.


[66]

LaTeX Warning: Reference `sec:SolSpace' on page 67 undefined on input line 4973
.

[67]

LaTeX Warning: Reference `sec:SolEmph' on page 68 undefined on input line 5029.



LaTeX Warning: Reference `sec:SolEnv' on page 68 undefined on input line 5049.


LaTeX Warning: Reference `sec:SolTitle' on page 68 undefined on input line 5052
.


LaTeX Warning: Reference `sec:SolEmph' on page 68 undefined on input line 5054.



LaTeX Warning: Reference `sec:AdvCust' on page 68 undefined on input line 5057.


[68]

LaTeX Warning: Reference `sec:SolPlain' on page 69 undefined on input line 5125
.

[69]

LaTeX Warning: Reference `sec:BlankSpace' on page 70 undefined on input line 51
77.


LaTeX Warning: Reference `sec:EmptyBox' on page 70 undefined on input line 5184
.


LaTeX Warning: Reference `sec:FillLines' on page 70 undefined on input line 519
2.


LaTeX Warning: Reference `sec:FillDotLines' on page 70 undefined on input line 
5198.


LaTeX Warning: Reference `sec:FillGrid' on page 70 undefined on input line 5204
.


LaTeX Warning: Reference `sec:BlankSpace' on page 70 undefined on input line 52
20.


LaTeX Warning: Reference `sec:EmptyBox' on page 70 undefined on input line 5234
.

[70]

LaTeX Warning: Reference `sec:FillLines' on page 71 undefined on input line 524
8.


LaTeX Warning: Reference `sec:FillDotLines' on page 71 undefined on input line 
5262.


LaTeX Warning: Reference `sec:FillGrid' on page 71 undefined on input line 5275
.


Overfull \hbox (24.76746pt too wide) in paragraph at lines 5274--5277
\OT1/cmr/m/n/12 then there will be 2 inches of grid in-serted (as if you had gi
ven the com-mand []\OT1/cmtt/m/n/12 \fillwithgrid{2in}\OT1/cmr/m/n/12 ;
 []


LaTeX Warning: Reference `sec:SolEnv' on page 71 undefined on input line 5288.

[71] [72]

LaTeX Warning: Reference `sec:solutions' on page 73 undefined on input line 539
2.


LaTeX Warning: Reference `sec:CorrectChoice' on page 73 undefined on input line
 5394.


LaTeX Warning: Reference `sec:AnsShortAns' on page 73 undefined on input line 5
395.

[73]
Overfull \hbox (13.09338pt too wide) in paragraph at lines 5456--5460
\OT1/cmr/m/n/12 into your pream-ble (i.e., af-ter the []\OT1/cmtt/m/n/12 \docum
entclass \OT1/cmr/m/n/12 com-mand and be-fore the []\OT1/cmtt/m/n/12 \begin{doc
ument}
 []

\cwidth=\skip69

LaTeX Warning: Reference `sec:GradeTables' on page 74 undefined on input line 5
496.

[74]

LaTeX Warning: Reference `sec:PointTables' on page 75 undefined on input line 5
500.


LaTeX Warning: Reference `sec:PartialTable' on page 75 undefined on input line 
5503.


LaTeX Warning: Reference `sec:Bonus' on page 75 undefined on input line 5505.


LaTeX Warning: Reference `sec:GradeTables' on page 75 undefined on input line 5
507.


LaTeX Warning: Reference `sec:PointTables' on page 75 undefined on input line 5
507.


LaTeX Warning: Reference `sec:PartialTable' on page 75 undefined on input line 
5508.


LaTeX Warning: Reference `sec:BonusTables' on page 75 undefined on input line 5
510.


LaTeX Warning: Reference `sec:CombinedTables' on page 75 undefined on input lin
e 5512.


LaTeX Warning: Reference `sec:Titled' on page 75 undefined on input line 5525.


LaTeX Warning: Reference `sec:addpoints' on page 75 undefined on input line 553
9.

[75] [76]

LaTeX Warning: Reference `sec:PartialTable' on page 77 undefined on input line 
5721.


LaTeX Warning: Reference `sec:pointsofq' on page 77 undefined on input line 572
5.


LaTeX Warning: Reference `sec:pointsonp' on page 77 undefined on input line 572
6.

[77]

LaTeX Warning: Reference `sec:GradeTables' on page 78 undefined on input line 5
739.

[78] [79]

LaTeX Warning: Reference `sec:PartialTable' on page 80 undefined on input line 
5893.


LaTeX Warning: Reference `sec:pointsofq' on page 80 undefined on input line 589
7.


LaTeX Warning: Reference `sec:pointsonp' on page 80 undefined on input line 589
8.


LaTeX Warning: Reference `sec:Titled' on page 80 undefined on input line 5929.

[80]

LaTeX Warning: Reference `sec:Bonus' on page 81 undefined on input line 5994.


LaTeX Warning: Reference `sec:BonusTables' on page 81 undefined on input line 5
998.


LaTeX Warning: Reference `sec:BonusTables' on page 81 undefined on input line 6
002.


LaTeX Warning: Reference `sec:CombinedTables' on page 81 undefined on input lin
e 6002.


Overfull \hbox (12.18372pt too wide) in paragraph at lines 5994--6003
[]\OT1/cmtt/m/n/12 \partialbonusgradetable\OT1/cmr/m/n/12 , []\OT1/cmtt/m/n/12 
\partialbonuspointtable\OT1/cmr/m/n/12 , []\OT1/cmtt/m/n/12 \partialcombinedgra
detable\OT1/cmr/m/n/12 , and
 []


LaTeX Warning: Reference `sec:addpoints' on page 81 undefined on input line 601
7.

[81]

LaTeX Warning: Reference `sec:Tables' on page 82 undefined on input line 6033.


LaTeX Warning: Reference `sec:adding' on page 82 undefined on input line 6040.


LaTeX Warning: Reference `sec:Bonus' on page 82 undefined on input line 6044.


LaTeX Warning: Reference `sec:BonusTables' on page 82 undefined on input line 6
045.


LaTeX Warning: Reference `sec:addpoints' on page 82 undefined on input line 605
5.

[82]

LaTeX Warning: Reference `sec:runningfooter' on page 83 undefined on input line
 6080.


LaTeX Warning: Reference `sec:PtsPgEx' on page 83 undefined on input line 6083.



LaTeX Warning: Reference `sec:Bonus' on page 83 undefined on input line 6092.


LaTeX Warning: Reference `sec:BonusTables' on page 83 undefined on input line 6
094.


LaTeX Warning: Reference `sec:Bonus' on page 83 undefined on input line 6105.


LaTeX Warning: Reference `sec:GradeTables' on page 83 undefined on input line 6
107.


LaTeX Warning: Reference `sec:PointTables' on page 83 undefined on input line 6
107.


LaTeX Warning: Reference `sec:PartialTable' on page 83 undefined on input line 
6108.


LaTeX Warning: Reference `sec:pointsofq' on page 83 undefined on input line 611
0.


LaTeX Warning: Reference `sec:pointsonp' on page 83 undefined on input line 611
2.


LaTeX Warning: Reference `sec:CombinedTables' on page 83 undefined on input lin
e 6115.


LaTeX Warning: Reference `sec:PartialTable' on page 83 undefined on input line 
6142.


LaTeX Warning: Reference `sec:Clickable' on page 83 undefined on input line 614
3.

[83]

LaTeX Warning: Reference `sec:Bonus' on page 84 undefined on input line 6157.


LaTeX Warning: Reference `sec:Bonus' on page 84 undefined on input line 6217.


LaTeX Warning: Reference `sec:PartialTable' on page 84 undefined on input line 
6240.


LaTeX Warning: Reference `sec:Clickable' on page 84 undefined on input line 624
5.


LaTeX Warning: Reference `sec:BonusTables' on page 84 undefined on input line 6
246.

[84]

LaTeX Warning: Reference `sec:Titled' on page 85 undefined on input line 6261.


LaTeX Warning: Reference `sec:Bonus' on page 85 undefined on input line 6262.

[85] [86]
Overfull \hbox (13.17448pt too wide) in paragraph at lines 6464--6469
\OT1/cmr/m/n/12 For ver-ti-cal bonus ta-bles (i.e., ta-bles cre-ated by []\OT1/
cmtt/m/n/12 \bonusgradetable[v]\OT1/cmr/m/n/12 , []\OT1/cmtt/m/n/12 \bonuspoint
table[v]\OT1/cmr/m/n/12 ,
 []


Overfull \hbox (14.21994pt too wide) in paragraph at lines 6464--6469
[]\OT1/cmtt/m/n/12 \partialbonusgradetable{rangename}[v]\OT1/cmr/m/n/12 , or []
\OT1/cmtt/m/n/12 \partialbonuspointtable{rangename}[v]\OT1/cmr/m/n/12 ):[][][][
][] 
 []

[87] [88]
Overfull \hbox (4.44522pt too wide) in paragraph at lines 6624--6631
\OT1/cmr/m/n/12 ment class op-tion ([]\OT1/cmtt/m/n/12 a4paper\OT1/cmr/m/n/12 ,
 []\OT1/cmtt/m/n/12 a5paper\OT1/cmr/m/n/12 , []\OT1/cmtt/m/n/12 b5paper\OT1/cmr
/m/n/12 , []\OT1/cmtt/m/n/12 letterpaper\OT1/cmr/m/n/12 , []\OT1/cmtt/m/n/12 le
galpaper\OT1/cmr/m/n/12 , []\OT1/cmtt/m/n/12 executivepaper\OT1/cmr/m/n/12 ,
 []


LaTeX Warning: Reference `sec:extra-room' on page 89 undefined on input line 66
60.


LaTeX Warning: Reference `sec:extra-room' on page 89 undefined on input line 66
82.

[89]

LaTeX Warning: Reference `sec:extra-room' on page 90 undefined on input line 67
05.


LaTeX Warning: Reference `sec:beginexamples' on page 90 undefined on input line
 6721.


LaTeX Warning: Reference `sec:endexamples' on page 90 undefined on input line 6
722.


LaTeX Warning: Reference `sec:beginexamples' on page 90 undefined on input line
 6722.


LaTeX Warning: Reference `sec:endexamples' on page 90 undefined on input line 6
723.


LaTeX Warning: Reference `sec:coverpages' on page 90 undefined on input line 67
30.


LaTeX Warning: Reference `sec:Coverhdft' on page 90 undefined on input line 673
5.


LaTeX Warning: Reference `sec:header' on page 90 undefined on input line 6747.


LaTeX Warning: Reference `sec:rules' on page 90 undefined on input line 6747.

[90]

LaTeX Warning: Reference `sec:runningheader' on page 91 undefined on input line
 6817.


LaTeX Warning: Reference `sec:lhead' on page 91 undefined on input line 6820.

[91] [92]

LaTeX Warning: Reference `sec:extra-room' on page 93 undefined on input line 69
72.

[93]

LaTeX Warning: Reference `sec:header' on page 94 undefined on input line 6982.


LaTeX Warning: Reference `sec:runningfooter' on page 94 undefined on input line
 6987.


LaTeX Warning: Reference `sec:lfoot' on page 94 undefined on input line 6990.


LaTeX Warning: Reference `sec:numpages' on page 94 undefined on input line 7018
.


LaTeX Warning: Reference `sec:numpages' on page 94 undefined on input line 7049
.

[94]

LaTeX Warning: Reference `sec:extra-room' on page 95 undefined on input line 70
60.


LaTeX Warning: Reference `sec:lhead' on page 95 undefined on input line 7094.


LaTeX Warning: Reference `sec:pagesize' on page 95 undefined on input line 7119
.


Overfull \hbox (26.6633pt too wide) in paragraph at lines 7115--7120
[]\OT1/cmtt/m/n/12 \documentclass \OT1/cmr/m/n/12 com-mand and be-fore the []\O
T1/cmtt/m/n/12 \begin{document} \OT1/cmr/m/n/12 com-mand. The []\OT1/cmtt/m/n/1
2 \extraheadheight
 []

[95]

LaTeX Warning: Reference `sec:lfoot' on page 96 undefined on input line 7143.


LaTeX Warning: Reference `sec:pagesize' on page 96 undefined on input line 7168
.


Overfull \hbox (26.6633pt too wide) in paragraph at lines 7164--7169
[]\OT1/cmtt/m/n/12 \documentclass \OT1/cmr/m/n/12 com-mand and be-fore the []\O
T1/cmtt/m/n/12 \begin{document} \OT1/cmr/m/n/12 com-mand. The []\OT1/cmtt/m/n/1
2 \extrafootheight
 []

[96]

LaTeX Warning: Reference `sec:runningheader' on page 97 undefined on input line
 7216.


LaTeX Warning: Reference `sec:lhead' on page 97 undefined on input line 7218.


LaTeX Warning: Reference `sec:numpages' on page 97 undefined on input line 7232
.

[97]

LaTeX Warning: Reference `sec:runningfooter' on page 98 undefined on input line
 7260.


LaTeX Warning: Reference `sec:lfoot' on page 98 undefined on input line 7262.


LaTeX Warning: Reference `sec:coverpages' on page 98 undefined on input line 72
65.

[98]

LaTeX Warning: Reference `sec:runningfooter' on page 99 undefined on input line
 7319.


LaTeX Warning: Reference `sec:lfoot' on page 99 undefined on input line 7321.


LaTeX Warning: Reference `sec:lastpage' on page 99 undefined on input line 7377
.

[99]

LaTeX Warning: Reference `sec:ifcontin' on page 100 undefined on input line 740
3.


LaTeX Warning: Reference `sec:ifincomp' on page 100 undefined on input line 740
8.

[100]

LaTeX Warning: Reference `sec:lhead' on page 101 undefined on input line 7452.


LaTeX Warning: Reference `sec:ifincomp' on page 101 undefined on input line 747
6.


LaTeX Warning: Reference `sec:ifincomp' on page 101 undefined on input line 748
0.

[101]

LaTeX Warning: Reference `sec:lfoot' on page 102 undefined on input line 7549.


LaTeX Warning: Reference `sec:lastpage' on page 102 undefined on input line 755
0.


Overfull \hbox (4.3431pt too wide) in paragraph at lines 7557--7565
\OT1/cmr/m/n/12 next page, but there is no []\OT1/cmtt/m/n/12 \part\OT1/cmr/m/n
/12 , []\OT1/cmtt/m/n/12 \subpart\OT1/cmr/m/n/12 , []\OT1/cmtt/m/n/12 \subsubpa
rt\OT1/cmr/m/n/12 , []\OT1/cmtt/m/n/12 \choice\OT1/cmr/m/n/12 , or []\OT1/cmtt/
m/n/12 \CorrectChoice
 []

[102]

LaTeX Warning: Reference `sec:ifcontin' on page 103 undefined on input line 758
3.


LaTeX Warning: Reference `sec:ifcontin' on page 103 undefined on input line 758
7.


Overfull \hbox (0.10214pt too wide) in paragraph at lines 7585--7595
[]\OT1/cmr/m/n/12 The []\OT1/cmtt/m/n/12 \noquestionsonthispage[] \OT1/cmr/m/n/
12 com-mand tells the []\OT1/cmtt/m/n/12 \ifincomplete \OT1/cmr/m/n/12 com-mand
 (and
 []

[103] [104] [105] [106] [107] [108] [109] [110] [111] [112]

LaTeX Warning: Reference `sec:Coverhdft' on page 113 undefined on input line 80
42.


LaTeX Warning: Reference `sec:Coverhdft' on page 113 undefined on input line 80
60.


LaTeX Warning: Reference `sec:headfoot' on page 113 undefined on input line 807
4.

[113]

LaTeX Warning: Reference `sec:headfoot' on page 114 undefined on input line 811
2.

[114] [115]
No file examdoc.ind.
This exam contains 114 questions with 56 parts, 11 subparts, and 4 subsubparts.

This exam has a total of 50 points.
This exam has a total of 0 bonus points.

Class exam Warning: Point totals have changed. Rerun to get point totals right.


Package atveryend Info: Empty hook `BeforeClearDocument' on input line 8175.
Package atveryend Info: Empty hook `AfterLastShipout' on input line 8175.
(examdoc.aux)
Package atveryend Info: Empty hook `AtVeryEndDocument' on input line 8175.
Package atveryend Info: Empty hook `AtEndAfterFileList' on input line 8175.


LaTeX Warning: There were undefined references.


LaTeX Warning: Label(s) may have changed. Rerun to get cross-references right.

Package atveryend Info: Empty hook `AtVeryVeryEnd' on input line 8175.
 ) 
Here is how much of TeX's memory you used:
 9599 strings out of 428408
 134256 string characters out of 3160621
 205809 words of memory out of 3000000
 12971 multiletter control sequences out of 15000+200000
 16899 words of font info for 64 fonts, out of 3000000 for 9000
 1328 hyphenation exceptions out of 8191
 29i,11n,45p,240b,521s stack positions out of 5000i,500n,10000p,200000b,50000s

Output written on examdoc.pdf (115 pages).
